This file contains any messages produced by compilers while
running configure, to aid debugging if configure makes a mistake.

It was created by lcms2 configure 2.7, which was
generated by GNU Autoconf 2.69.  Invocation command line was

  $ ./configure 

## --------- ##
## Platform. ##
## --------- ##

hostname = Avocado.austin.rr.com
uname -m = x86_64
uname -r = 15.4.0
uname -s = Darwin
uname -v = Darwin Kernel Version 15.4.0: Fri Feb 26 22:08:05 PST 2016; root:xnu-3248.40.184~3/RELEASE_X86_64

/usr/bin/uname -p = i386
/bin/uname -X     = unknown

/bin/arch              = unknown
/usr/bin/arch -k       = unknown
/usr/convex/getsysinfo = unknown
/usr/bin/hostinfo      = Mach kernel version:
	 Darwin Kernel Version 15.4.0: Fri Feb 26 22:08:05 PST 2016; root:xnu-3248.40.184~3/RELEASE_X86_64
Kernel configured for up to 8 processors.
4 processors are physically available.
8 processors are logically available.
Processor type: i486 (Intel 80486)
Processors active: 0 1 2 3 4 5 6 7
Primary memory available: 16.00 gigabytes
Default processor set: 438 tasks, 2268 threads, 8 processors
Load average: 1.84, Mach factor: 6.15
/bin/machine           = unknown
/usr/bin/oslevel       = unknown
/bin/universe          = unknown

PATH: /usr/local/opt/php55/sbin
PATH: /usr/local/opt/coreutils/libexec/gnubin
PATH: /Users/tristan/toolchains/i686-pc-elf/gcc/bin/
PATH: /usr/bin
PATH: /bin
PATH: /usr/sbin
PATH: /sbin
PATH: /usr/local/bin
PATH: /opt/X11/bin
PATH: /usr/local/go/bin


## ----------- ##
## Core tests. ##
## ----------- ##

configure:2426: checking build system type
configure:2440: result: x86_64-apple-darwin15.4.0
configure:2460: checking host system type
configure:2473: result: x86_64-apple-darwin15.4.0
configure:2510: checking for a BSD-compatible install
configure:2578: result: /usr/bin/install -c
configure:2589: checking whether build environment is sane
configure:2639: result: yes
configure:2780: checking for a thread-safe mkdir -p
configure:2819: result: ./install-sh -c -d
configure:2832: checking for gawk
configure:2862: result: no
configure:2832: checking for mawk
configure:2862: result: no
configure:2832: checking for nawk
configure:2862: result: no
configure:2832: checking for awk
configure:2848: found /usr/bin/awk
configure:2859: result: awk
configure:2870: checking whether make sets $(MAKE)
configure:2892: result: yes
configure:2978: checking for style of include used by make
configure:3006: result: GNU
configure:3077: checking for gcc
configure:3093: found /usr/bin/gcc
configure:3104: result: gcc
configure:3333: checking for C compiler version
configure:3342: gcc --version >&5
Apple LLVM version 7.3.0 (clang-703.0.29)
Target: x86_64-apple-darwin15.4.0
Thread model: posix
InstalledDir: /Applications/Xcode.app/Contents/Developer/Toolchains/XcodeDefault.xctoolchain/usr/bin
Configured with: --prefix=/Applications/Xcode.app/Contents/Developer/usr --with-gxx-include-dir=/Applications/Xcode.app/Contents/Developer/Platforms/MacOSX.platform/Developer/SDKs/MacOSX10.11.sdk/usr/include/c++/4.2.1
configure:3353: $? = 0
configure:3342: gcc -v >&5
Configured with: --prefix=/Applications/Xcode.app/Contents/Developer/usr --with-gxx-include-dir=/Applications/Xcode.app/Contents/Developer/Platforms/MacOSX.platform/Developer/SDKs/MacOSX10.11.sdk/usr/include/c++/4.2.1
Apple LLVM version 7.3.0 (clang-703.0.29)
Target: x86_64-apple-darwin15.4.0
Thread model: posix
InstalledDir: /Applications/Xcode.app/Contents/Developer/Toolchains/XcodeDefault.xctoolchain/usr/bin
configure:3353: $? = 0
configure:3342: gcc -V >&5
clang: error: argument to '-V' is missing (expected 1 value)
clang: error: no input files
configure:3353: $? = 1
configure:3342: gcc -qversion >&5
clang: error: unknown argument: '-qversion'
clang: error: no input files
configure:3353: $? = 1
configure:3373: checking whether the C compiler works
configure:3395: gcc    conftest.c  >&5
configure:3399: $? = 0
configure:3447: result: yes
configure:3450: checking for C compiler default output file name
configure:3452: result: a.out
configure:3458: checking for suffix of executables
configure:3465: gcc -o conftest    conftest.c  >&5
configure:3469: $? = 0
configure:3491: result: 
configure:3513: checking whether we are cross compiling
configure:3521: gcc -o conftest    conftest.c  >&5
configure:3525: $? = 0
configure:3532: ./conftest
configure:3536: $? = 0
configure:3551: result: no
configure:3556: checking for suffix of object files
configure:3578: gcc -c   conftest.c >&5
configure:3582: $? = 0
configure:3603: result: o
configure:3607: checking whether we are using the GNU C compiler
configure:3626: gcc -c   conftest.c >&5
configure:3626: $? = 0
configure:3635: result: yes
configure:3644: checking whether gcc accepts -g
configure:3664: gcc -c -g  conftest.c >&5
configure:3664: $? = 0
configure:3705: result: yes
configure:3722: checking for gcc option to accept ISO C89
configure:3785: gcc  -c -g -O2  conftest.c >&5
configure:3785: $? = 0
configure:3798: result: none needed
configure:3820: checking dependency style of gcc
configure:3931: result: gcc3
configure:3950: checking for gcc option to accept ISO C99
configure:4099: gcc  -c -g -O2  conftest.c >&5
configure:4099: $? = 0
configure:4112: result: none needed
configure:4220: checking for gcc option to accept ISO Standard C
configure:4231: result: none needed
configure:4243: checking how to run the C preprocessor
configure:4274: gcc -E  conftest.c
configure:4274: $? = 0
configure:4288: gcc -E  conftest.c
conftest.c:9:10: fatal error: 'ac_nonexistent.h' file not found
#include <ac_nonexistent.h>
         ^
1 error generated.
configure:4288: $? = 1
configure: failed program was:
| /* confdefs.h */
| #define PACKAGE_NAME "lcms2"
| #define PACKAGE_TARNAME "lcms2"
| #define PACKAGE_VERSION "2.7"
| #define PACKAGE_STRING "lcms2 2.7"
| #define PACKAGE_BUGREPORT ""
| #define PACKAGE_URL ""
| /* end confdefs.h.  */
| #include <ac_nonexistent.h>
configure:4313: result: gcc -E
configure:4333: gcc -E  conftest.c
configure:4333: $? = 0
configure:4347: gcc -E  conftest.c
conftest.c:9:10: fatal error: 'ac_nonexistent.h' file not found
#include <ac_nonexistent.h>
         ^
1 error generated.
configure:4347: $? = 1
configure: failed program was:
| /* confdefs.h */
| #define PACKAGE_NAME "lcms2"
| #define PACKAGE_TARNAME "lcms2"
| #define PACKAGE_VERSION "2.7"
| #define PACKAGE_STRING "lcms2 2.7"
| #define PACKAGE_BUGREPORT ""
| #define PACKAGE_URL ""
| /* end confdefs.h.  */
| #include <ac_nonexistent.h>
configure:4433: checking for g++
configure:4449: found /usr/bin/g++
configure:4460: result: g++
configure:4487: checking for C++ compiler version
configure:4496: g++ --version >&5
Apple LLVM version 7.3.0 (clang-703.0.29)
Target: x86_64-apple-darwin15.4.0
Thread model: posix
InstalledDir: /Applications/Xcode.app/Contents/Developer/Toolchains/XcodeDefault.xctoolchain/usr/bin
Configured with: --prefix=/Applications/Xcode.app/Contents/Developer/usr --with-gxx-include-dir=/Applications/Xcode.app/Contents/Developer/Platforms/MacOSX.platform/Developer/SDKs/MacOSX10.11.sdk/usr/include/c++/4.2.1
configure:4507: $? = 0
configure:4496: g++ -v >&5
Configured with: --prefix=/Applications/Xcode.app/Contents/Developer/usr --with-gxx-include-dir=/Applications/Xcode.app/Contents/Developer/Platforms/MacOSX.platform/Developer/SDKs/MacOSX10.11.sdk/usr/include/c++/4.2.1
Apple LLVM version 7.3.0 (clang-703.0.29)
Target: x86_64-apple-darwin15.4.0
Thread model: posix
InstalledDir: /Applications/Xcode.app/Contents/Developer/Toolchains/XcodeDefault.xctoolchain/usr/bin
configure:4507: $? = 0
configure:4496: g++ -V >&5
clang: error: argument to '-V' is missing (expected 1 value)
clang: error: no input files
configure:4507: $? = 1
configure:4496: g++ -qversion >&5
clang: error: unknown argument: '-qversion'
clang: error: no input files
configure:4507: $? = 1
configure:4511: checking whether we are using the GNU C++ compiler
configure:4530: g++ -c   conftest.cpp >&5
configure:4530: $? = 0
configure:4539: result: yes
configure:4548: checking whether g++ accepts -g
configure:4568: g++ -c -g  conftest.cpp >&5
configure:4568: $? = 0
configure:4609: result: yes
configure:4634: checking dependency style of g++
configure:4745: result: gcc3
configure:5186: checking how to print strings
configure:5213: result: printf
configure:5234: checking for a sed that does not truncate output
configure:5298: result: /usr/bin/sed
configure:5316: checking for grep that handles long lines and -e
configure:5374: result: /usr/bin/grep
configure:5379: checking for egrep
configure:5441: result: /usr/bin/grep -E
configure:5446: checking for fgrep
configure:5508: result: /usr/bin/grep -F
configure:5543: checking for ld used by gcc
configure:5610: result: /Applications/Xcode.app/Contents/Developer/Toolchains/XcodeDefault.xctoolchain/usr/bin/ld
configure:5617: checking if the linker (/Applications/Xcode.app/Contents/Developer/Toolchains/XcodeDefault.xctoolchain/usr/bin/ld) is GNU ld
configure:5632: result: no
configure:5644: checking for BSD- or MS-compatible name lister (nm)
configure:5693: result: /usr/bin/nm -B
configure:5823: checking the name lister (/usr/bin/nm -B) interface
configure:5830: gcc -c -g -O2  conftest.c >&5
configure:5833: /usr/bin/nm -B "conftest.o"
configure:5836: output
0000000000000208 S _some_variable
configure:5843: result: BSD nm
configure:5846: checking whether ln -s works
configure:5850: result: yes
configure:5858: checking the maximum length of command line arguments
configure:5988: result: 196608
configure:6005: checking whether the shell understands some XSI constructs
configure:6015: result: yes
configure:6019: checking whether the shell understands "+="
configure:6025: result: yes
configure:6060: checking how to convert x86_64-apple-darwin15.4.0 file names to x86_64-apple-darwin15.4.0 format
configure:6100: result: func_convert_file_noop
configure:6107: checking how to convert x86_64-apple-darwin15.4.0 file names to toolchain format
configure:6127: result: func_convert_file_noop
configure:6134: checking for /Applications/Xcode.app/Contents/Developer/Toolchains/XcodeDefault.xctoolchain/usr/bin/ld option to reload object files
configure:6141: result: -r
configure:6215: checking for objdump
configure:6242: result: objdump
configure:6271: checking how to recognize dependent libraries
configure:6473: result: pass_all
configure:6558: checking for dlltool
configure:6585: result: dlltool
configure:6615: checking how to associate runtime and link libraries
configure:6642: result: printf %s\n
configure:6703: checking for ar
configure:6719: found /usr/bin/ar
configure:6730: result: ar
configure:6767: checking for archiver @FILE support
configure:6784: gcc -c -g -O2  conftest.c >&5
configure:6784: $? = 0
configure:6787: ar cru libconftest.a @conftest.lst >&5
ar: @conftest.lst: No such file or directory
configure:6790: $? = 1
configure:6810: result: no
configure:6868: checking for strip
configure:6884: found /usr/bin/strip
configure:6895: result: strip
configure:6967: checking for ranlib
configure:6983: found /usr/bin/ranlib
configure:6994: result: ranlib
configure:7096: checking command to parse /usr/bin/nm -B output from gcc object
configure:7216: gcc -c -g -O2  conftest.c >&5
configure:7219: $? = 0
configure:7223: /usr/bin/nm -B conftest.o \| sed -n -e 's/^.*[ ]\([BCDEGRST][BCDEGRST]*\)[ ][ ]*\([_A-Za-z][_A-Za-z0-9]*\)$/\1 \2 \2/p' | sed '/ __gnu_lto/d' \> conftest.nm
configure:7226: $? = 0
cannot find nm_test_var in conftest.nm
configure:7216: gcc -c -g -O2  conftest.c >&5
configure:7219: $? = 0
configure:7223: /usr/bin/nm -B conftest.o \| sed -n -e 's/^.*[ ]\([BCDEGRST][BCDEGRST]*\)[ ][ ]*_\([_A-Za-z][_A-Za-z0-9]*\)$/\1 _\2 \2/p' | sed '/ __gnu_lto/d' \> conftest.nm
configure:7226: $? = 0
configure:7292: gcc -o conftest -g -O2   conftest.c conftstm.o >&5
warning: (x86_64)  could not find object file symbol for symbol _main
configure:7295: $? = 0
configure:7333: result: ok
configure:7370: checking for sysroot
configure:7400: result: no
configure:7656: checking for mt
configure:7686: result: no
configure:7706: checking if : is a manifest tool
configure:7712: : '-?'
configure:7720: result: no
configure:7776: checking for dsymutil
configure:7792: found /usr/bin/dsymutil
configure:7803: result: dsymutil
configure:7868: checking for nmedit
configure:7884: found /usr/bin/nmedit
configure:7895: result: nmedit
configure:7960: checking for lipo
configure:7976: found /usr/bin/lipo
configure:7987: result: lipo
configure:8052: checking for otool
configure:8068: found /usr/bin/otool
configure:8079: result: otool
configure:8144: checking for otool64
configure:8174: result: no
configure:8219: checking for -single_module linker flag
gcc -g -O2  -o libconftest.dylib -dynamiclib -Wl,-single_module conftest.c
configure:8252: result: yes
configure:8255: checking for -exported_symbols_list linker flag
configure:8275: gcc -o conftest -g -O2   -Wl,-exported_symbols_list,conftest.sym conftest.c  >&5
configure:8275: $? = 0
configure:8285: result: yes
configure:8288: checking for -force_load linker flag
gcc -g -O2 -c -o conftest.o conftest.c
ar cru libconftest.a conftest.o
ranlib libconftest.a
gcc -g -O2  -o conftest conftest.c -Wl,-force_load,./libconftest.a
configure:8320: result: yes
configure:8358: checking for ANSI C header files
configure:8378: gcc -c -g -O2  conftest.c >&5
configure:8378: $? = 0
configure:8451: gcc -o conftest -g -O2   conftest.c  >&5
configure:8451: $? = 0
configure:8451: ./conftest
configure:8451: $? = 0
configure:8462: result: yes
configure:8475: checking for sys/types.h
configure:8475: gcc -c -g -O2  conftest.c >&5
configure:8475: $? = 0
configure:8475: result: yes
configure:8475: checking for sys/stat.h
configure:8475: gcc -c -g -O2  conftest.c >&5
configure:8475: $? = 0
configure:8475: result: yes
configure:8475: checking for stdlib.h
configure:8475: gcc -c -g -O2  conftest.c >&5
configure:8475: $? = 0
configure:8475: result: yes
configure:8475: checking for string.h
configure:8475: gcc -c -g -O2  conftest.c >&5
configure:8475: $? = 0
configure:8475: result: yes
configure:8475: checking for memory.h
configure:8475: gcc -c -g -O2  conftest.c >&5
configure:8475: $? = 0
configure:8475: result: yes
configure:8475: checking for strings.h
configure:8475: gcc -c -g -O2  conftest.c >&5
configure:8475: $? = 0
configure:8475: result: yes
configure:8475: checking for inttypes.h
configure:8475: gcc -c -g -O2  conftest.c >&5
configure:8475: $? = 0
configure:8475: result: yes
configure:8475: checking for stdint.h
configure:8475: gcc -c -g -O2  conftest.c >&5
configure:8475: $? = 0
configure:8475: result: yes
configure:8475: checking for unistd.h
configure:8475: gcc -c -g -O2  conftest.c >&5
configure:8475: $? = 0
configure:8475: result: yes
configure:8489: checking for dlfcn.h
configure:8489: gcc -c -g -O2  conftest.c >&5
configure:8489: $? = 0
configure:8489: result: yes
configure:8644: checking for objdir
configure:8659: result: .libs
configure:8930: checking if gcc supports -fno-rtti -fno-exceptions
configure:8948: gcc -c -g -O2  -fno-rtti -fno-exceptions conftest.c >&5
configure:8952: $? = 0
configure:8965: result: yes
configure:9292: checking for gcc option to produce PIC
configure:9299: result: -fno-common -DPIC
configure:9307: checking if gcc PIC flag -fno-common -DPIC works
configure:9325: gcc -c -g -O2  -fno-common -DPIC -DPIC conftest.c >&5
configure:9329: $? = 0
configure:9342: result: yes
configure:9371: checking if gcc static flag -static works
configure:9399: result: no
configure:9414: checking if gcc supports -c -o file.o
configure:9435: gcc -c -g -O2  -o out/conftest2.o conftest.c >&5
configure:9439: $? = 0
configure:9461: result: yes
configure:9469: checking if gcc supports -c -o file.o
configure:9516: result: yes
configure:9549: checking whether the gcc linker (/Applications/Xcode.app/Contents/Developer/Toolchains/XcodeDefault.xctoolchain/usr/bin/ld) supports shared libraries
configure:10702: result: yes
configure:10942: checking dynamic linker characteristics
configure:11675: result: darwin15.4.0 dyld
configure:11782: checking how to hardcode library paths into programs
configure:11807: result: immediate
configure:12347: checking whether stripping libraries is possible
configure:12361: result: yes
configure:12387: checking if libtool supports shared libraries
configure:12389: result: yes
configure:12392: checking whether to build shared libraries
configure:12413: result: yes
configure:12416: checking whether to build static libraries
configure:12420: result: yes
configure:12443: checking how to run the C++ preprocessor
configure:12470: g++ -E  conftest.cpp
configure:12470: $? = 0
configure:12484: g++ -E  conftest.cpp
conftest.cpp:21:10: fatal error: 'ac_nonexistent.h' file not found
#include <ac_nonexistent.h>
         ^
1 error generated.
configure:12484: $? = 1
configure: failed program was:
| /* confdefs.h */
| #define PACKAGE_NAME "lcms2"
| #define PACKAGE_TARNAME "lcms2"
| #define PACKAGE_VERSION "2.7"
| #define PACKAGE_STRING "lcms2 2.7"
| #define PACKAGE_BUGREPORT ""
| #define PACKAGE_URL ""
| #define STDC_HEADERS 1
| #define HAVE_SYS_TYPES_H 1
| #define HAVE_SYS_STAT_H 1
| #define HAVE_STDLIB_H 1
| #define HAVE_STRING_H 1
| #define HAVE_MEMORY_H 1
| #define HAVE_STRINGS_H 1
| #define HAVE_INTTYPES_H 1
| #define HAVE_STDINT_H 1
| #define HAVE_UNISTD_H 1
| #define HAVE_DLFCN_H 1
| #define LT_OBJDIR ".libs/"
| /* end confdefs.h.  */
| #include <ac_nonexistent.h>
configure:12509: result: g++ -E
configure:12529: g++ -E  conftest.cpp
configure:12529: $? = 0
configure:12543: g++ -E  conftest.cpp
conftest.cpp:21:10: fatal error: 'ac_nonexistent.h' file not found
#include <ac_nonexistent.h>
         ^
1 error generated.
configure:12543: $? = 1
configure: failed program was:
| /* confdefs.h */
| #define PACKAGE_NAME "lcms2"
| #define PACKAGE_TARNAME "lcms2"
| #define PACKAGE_VERSION "2.7"
| #define PACKAGE_STRING "lcms2 2.7"
| #define PACKAGE_BUGREPORT ""
| #define PACKAGE_URL ""
| #define STDC_HEADERS 1
| #define HAVE_SYS_TYPES_H 1
| #define HAVE_SYS_STAT_H 1
| #define HAVE_STDLIB_H 1
| #define HAVE_STRING_H 1
| #define HAVE_MEMORY_H 1
| #define HAVE_STRINGS_H 1
| #define HAVE_INTTYPES_H 1
| #define HAVE_STDINT_H 1
| #define HAVE_UNISTD_H 1
| #define HAVE_DLFCN_H 1
| #define LT_OBJDIR ".libs/"
| /* end confdefs.h.  */
| #include <ac_nonexistent.h>
configure:12712: checking for ld used by g++
configure:12779: result: /Applications/Xcode.app/Contents/Developer/Toolchains/XcodeDefault.xctoolchain/usr/bin/ld
configure:12786: checking if the linker (/Applications/Xcode.app/Contents/Developer/Toolchains/XcodeDefault.xctoolchain/usr/bin/ld) is GNU ld
configure:12801: result: no
configure:12856: checking whether the g++ linker (/Applications/Xcode.app/Contents/Developer/Toolchains/XcodeDefault.xctoolchain/usr/bin/ld) supports shared libraries
configure:13861: result: yes
configure:13897: g++ -c -g -O2  conftest.cpp >&5
configure:13900: $? = 0
configure:14420: checking for g++ option to produce PIC
configure:14427: result: -fno-common -DPIC
configure:14435: checking if g++ PIC flag -fno-common -DPIC works
configure:14453: g++ -c -g -O2  -fno-common -DPIC -DPIC conftest.cpp >&5
configure:14457: $? = 0
configure:14470: result: yes
configure:14493: checking if g++ static flag -static works
configure:14521: result: no
configure:14533: checking if g++ supports -c -o file.o
configure:14554: g++ -c -g -O2  -o out/conftest2.o conftest.cpp >&5
configure:14558: $? = 0
configure:14580: result: yes
configure:14585: checking if g++ supports -c -o file.o
configure:14632: result: yes
configure:14662: checking whether the g++ linker (/Applications/Xcode.app/Contents/Developer/Toolchains/XcodeDefault.xctoolchain/usr/bin/ld) supports shared libraries
configure:14698: result: yes
configure:14839: checking dynamic linker characteristics
configure:15506: result: darwin15.4.0 dyld
configure:15559: checking how to hardcode library paths into programs
configure:15584: result: immediate
configure:15651: checking whether to enable maintainer-specific portions of Makefiles
configure:15660: result: no
configure:15677: checking for inline
configure:15693: gcc -c -g -O2  conftest.c >&5
configure:15693: $? = 0
configure:15701: result: inline
configure:15723: checking whether byte ordering is bigendian
configure:15738: gcc -c -g -O2  conftest.c >&5
configure:15738: $? = 0
configure:15783: gcc -c -g -O2  conftest.c >&5
configure:15783: $? = 0
configure:15801: gcc -c -g -O2  conftest.c >&5
conftest.c:28:4: error: use of undeclared identifier 'not'
                 not big endian
                 ^
1 error generated.
configure:15801: $? = 1
configure: failed program was:
| /* confdefs.h */
| #define PACKAGE_NAME "lcms2"
| #define PACKAGE_TARNAME "lcms2"
| #define PACKAGE_VERSION "2.7"
| #define PACKAGE_STRING "lcms2 2.7"
| #define PACKAGE_BUGREPORT ""
| #define PACKAGE_URL ""
| #define STDC_HEADERS 1
| #define HAVE_SYS_TYPES_H 1
| #define HAVE_SYS_STAT_H 1
| #define HAVE_STDLIB_H 1
| #define HAVE_STRING_H 1
| #define HAVE_MEMORY_H 1
| #define HAVE_STRINGS_H 1
| #define HAVE_INTTYPES_H 1
| #define HAVE_STDINT_H 1
| #define HAVE_UNISTD_H 1
| #define HAVE_DLFCN_H 1
| #define LT_OBJDIR ".libs/"
| /* end confdefs.h.  */
| #include <sys/types.h>
| 		#include <sys/param.h>
| 
| int
| main ()
| {
| #if BYTE_ORDER != BIG_ENDIAN
| 		 not big endian
| 		#endif
| 
|   ;
|   return 0;
| }
configure:15929: result: no
configure:16190: checking for the pthreads library -lpthreads
configure:16223: gcc -o conftest -g -O2    conftest.c -lpthreads  >&5
ld: library not found for -lpthreads
clang: error: linker command failed with exit code 1 (use -v to see invocation)
configure:16223: $? = 1
configure: failed program was:
| /* confdefs.h */
| #define PACKAGE_NAME "lcms2"
| #define PACKAGE_TARNAME "lcms2"
| #define PACKAGE_VERSION "2.7"
| #define PACKAGE_STRING "lcms2 2.7"
| #define PACKAGE_BUGREPORT ""
| #define PACKAGE_URL ""
| #define STDC_HEADERS 1
| #define HAVE_SYS_TYPES_H 1
| #define HAVE_SYS_STAT_H 1
| #define HAVE_STDLIB_H 1
| #define HAVE_STRING_H 1
| #define HAVE_MEMORY_H 1
| #define HAVE_STRINGS_H 1
| #define HAVE_INTTYPES_H 1
| #define HAVE_STDINT_H 1
| #define HAVE_UNISTD_H 1
| #define HAVE_DLFCN_H 1
| #define LT_OBJDIR ".libs/"
| /* end confdefs.h.  */
| #include <pthread.h>
| int
| main ()
| {
| pthread_t th; pthread_join(th, 0);
|                      pthread_attr_init(0); pthread_cleanup_push(0, 0);
|                      pthread_create(0,0,0,0); pthread_cleanup_pop(0);
|   ;
|   return 0;
| }
configure:16232: result: no
configure:16135: checking whether pthreads work without any flags
configure:16223: gcc -o conftest -g -O2    conftest.c   >&5
configure:16223: $? = 0
configure:16232: result: yes
configure:16251: checking for joinable pthread attribute
configure:16266: gcc -o conftest -g -O2    conftest.c   >&5
configure:16266: $? = 0
configure:16272: result: PTHREAD_CREATE_JOINABLE
configure:16282: checking if more special flags are required for pthreads
configure:16289: result: -D_THREAD_SAFE
configure:16488: checking for sqrt in -lm
configure:16513: gcc -o conftest -g -O2 -D_THREAD_SAFE    conftest.c -lm   >&5
conftest.c:29:6: warning: incompatible redeclaration of library function 'sqrt' [-Wincompatible-library-redeclaration]
char sqrt ();
     ^
conftest.c:29:6: note: 'sqrt' is a builtin with type 'double (double)'
1 warning generated.
configure:16513: $? = 0
configure:16522: result: yes
configure:16541: checking for pthread_mutex_lock in -lpthread
configure:16566: gcc -o conftest -g -O2 -D_THREAD_SAFE    conftest.c -lpthread  -lm  >&5
configure:16566: $? = 0
configure:16576: result: yes
configure:16604: checking for JPEG support
configure:16606: result: 
configure:16610: checking jconfig.h usability
configure:16610: gcc -c -g -O2 -D_THREAD_SAFE   conftest.c >&5
conftest.c:56:10: fatal error: 'jconfig.h' file not found
#include <jconfig.h>
         ^
1 error generated.
configure:16610: $? = 1
configure: failed program was:
| /* confdefs.h */
| #define PACKAGE_NAME "lcms2"
| #define PACKAGE_TARNAME "lcms2"
| #define PACKAGE_VERSION "2.7"
| #define PACKAGE_STRING "lcms2 2.7"
| #define PACKAGE_BUGREPORT ""
| #define PACKAGE_URL ""
| #define STDC_HEADERS 1
| #define HAVE_SYS_TYPES_H 1
| #define HAVE_SYS_STAT_H 1
| #define HAVE_STDLIB_H 1
| #define HAVE_STRING_H 1
| #define HAVE_MEMORY_H 1
| #define HAVE_STRINGS_H 1
| #define HAVE_INTTYPES_H 1
| #define HAVE_STDINT_H 1
| #define HAVE_UNISTD_H 1
| #define HAVE_DLFCN_H 1
| #define LT_OBJDIR ".libs/"
| #define HAVE_PTHREAD 1
| #define HasTHREADS 1
| /* end confdefs.h.  */
| #include <stdio.h>
| #ifdef HAVE_SYS_TYPES_H
| # include <sys/types.h>
| #endif
| #ifdef HAVE_SYS_STAT_H
| # include <sys/stat.h>
| #endif
| #ifdef STDC_HEADERS
| # include <stdlib.h>
| # include <stddef.h>
| #else
| # ifdef HAVE_STDLIB_H
| #  include <stdlib.h>
| # endif
| #endif
| #ifdef HAVE_STRING_H
| # if !defined STDC_HEADERS && defined HAVE_MEMORY_H
| #  include <memory.h>
| # endif
| # include <string.h>
| #endif
| #ifdef HAVE_STRINGS_H
| # include <strings.h>
| #endif
| #ifdef HAVE_INTTYPES_H
| # include <inttypes.h>
| #endif
| #ifdef HAVE_STDINT_H
| # include <stdint.h>
| #endif
| #ifdef HAVE_UNISTD_H
| # include <unistd.h>
| #endif
| #include <jconfig.h>
configure:16610: result: no
configure:16610: checking jconfig.h presence
configure:16610: gcc -E  conftest.c
conftest.c:23:10: fatal error: 'jconfig.h' file not found
#include <jconfig.h>
         ^
1 error generated.
configure:16610: $? = 1
configure: failed program was:
| /* confdefs.h */
| #define PACKAGE_NAME "lcms2"
| #define PACKAGE_TARNAME "lcms2"
| #define PACKAGE_VERSION "2.7"
| #define PACKAGE_STRING "lcms2 2.7"
| #define PACKAGE_BUGREPORT ""
| #define PACKAGE_URL ""
| #define STDC_HEADERS 1
| #define HAVE_SYS_TYPES_H 1
| #define HAVE_SYS_STAT_H 1
| #define HAVE_STDLIB_H 1
| #define HAVE_STRING_H 1
| #define HAVE_MEMORY_H 1
| #define HAVE_STRINGS_H 1
| #define HAVE_INTTYPES_H 1
| #define HAVE_STDINT_H 1
| #define HAVE_UNISTD_H 1
| #define HAVE_DLFCN_H 1
| #define LT_OBJDIR ".libs/"
| #define HAVE_PTHREAD 1
| #define HasTHREADS 1
| /* end confdefs.h.  */
| #include <jconfig.h>
configure:16610: result: no
configure:16610: checking for jconfig.h
configure:16610: result: no
configure:16618: checking jerror.h usability
configure:16618: gcc -c -g -O2 -D_THREAD_SAFE   conftest.c >&5
conftest.c:56:10: fatal error: 'jerror.h' file not found
#include <jerror.h>
         ^
1 error generated.
configure:16618: $? = 1
configure: failed program was:
| /* confdefs.h */
| #define PACKAGE_NAME "lcms2"
| #define PACKAGE_TARNAME "lcms2"
| #define PACKAGE_VERSION "2.7"
| #define PACKAGE_STRING "lcms2 2.7"
| #define PACKAGE_BUGREPORT ""
| #define PACKAGE_URL ""
| #define STDC_HEADERS 1
| #define HAVE_SYS_TYPES_H 1
| #define HAVE_SYS_STAT_H 1
| #define HAVE_STDLIB_H 1
| #define HAVE_STRING_H 1
| #define HAVE_MEMORY_H 1
| #define HAVE_STRINGS_H 1
| #define HAVE_INTTYPES_H 1
| #define HAVE_STDINT_H 1
| #define HAVE_UNISTD_H 1
| #define HAVE_DLFCN_H 1
| #define LT_OBJDIR ".libs/"
| #define HAVE_PTHREAD 1
| #define HasTHREADS 1
| /* end confdefs.h.  */
| #include <stdio.h>
| #ifdef HAVE_SYS_TYPES_H
| # include <sys/types.h>
| #endif
| #ifdef HAVE_SYS_STAT_H
| # include <sys/stat.h>
| #endif
| #ifdef STDC_HEADERS
| # include <stdlib.h>
| # include <stddef.h>
| #else
| # ifdef HAVE_STDLIB_H
| #  include <stdlib.h>
| # endif
| #endif
| #ifdef HAVE_STRING_H
| # if !defined STDC_HEADERS && defined HAVE_MEMORY_H
| #  include <memory.h>
| # endif
| # include <string.h>
| #endif
| #ifdef HAVE_STRINGS_H
| # include <strings.h>
| #endif
| #ifdef HAVE_INTTYPES_H
| # include <inttypes.h>
| #endif
| #ifdef HAVE_STDINT_H
| # include <stdint.h>
| #endif
| #ifdef HAVE_UNISTD_H
| # include <unistd.h>
| #endif
| #include <jerror.h>
configure:16618: result: no
configure:16618: checking jerror.h presence
configure:16618: gcc -E  conftest.c
conftest.c:23:10: fatal error: 'jerror.h' file not found
#include <jerror.h>
         ^
1 error generated.
configure:16618: $? = 1
configure: failed program was:
| /* confdefs.h */
| #define PACKAGE_NAME "lcms2"
| #define PACKAGE_TARNAME "lcms2"
| #define PACKAGE_VERSION "2.7"
| #define PACKAGE_STRING "lcms2 2.7"
| #define PACKAGE_BUGREPORT ""
| #define PACKAGE_URL ""
| #define STDC_HEADERS 1
| #define HAVE_SYS_TYPES_H 1
| #define HAVE_SYS_STAT_H 1
| #define HAVE_STDLIB_H 1
| #define HAVE_STRING_H 1
| #define HAVE_MEMORY_H 1
| #define HAVE_STRINGS_H 1
| #define HAVE_INTTYPES_H 1
| #define HAVE_STDINT_H 1
| #define HAVE_UNISTD_H 1
| #define HAVE_DLFCN_H 1
| #define LT_OBJDIR ".libs/"
| #define HAVE_PTHREAD 1
| #define HasTHREADS 1
| /* end confdefs.h.  */
| #include <jerror.h>
configure:16618: result: no
configure:16618: checking for jerror.h
configure:16618: result: no
configure:16626: checking jmorecfg.h usability
configure:16626: gcc -c -g -O2 -D_THREAD_SAFE   conftest.c >&5
conftest.c:56:10: fatal error: 'jmorecfg.h' file not found
#include <jmorecfg.h>
         ^
1 error generated.
configure:16626: $? = 1
configure: failed program was:
| /* confdefs.h */
| #define PACKAGE_NAME "lcms2"
| #define PACKAGE_TARNAME "lcms2"
| #define PACKAGE_VERSION "2.7"
| #define PACKAGE_STRING "lcms2 2.7"
| #define PACKAGE_BUGREPORT ""
| #define PACKAGE_URL ""
| #define STDC_HEADERS 1
| #define HAVE_SYS_TYPES_H 1
| #define HAVE_SYS_STAT_H 1
| #define HAVE_STDLIB_H 1
| #define HAVE_STRING_H 1
| #define HAVE_MEMORY_H 1
| #define HAVE_STRINGS_H 1
| #define HAVE_INTTYPES_H 1
| #define HAVE_STDINT_H 1
| #define HAVE_UNISTD_H 1
| #define HAVE_DLFCN_H 1
| #define LT_OBJDIR ".libs/"
| #define HAVE_PTHREAD 1
| #define HasTHREADS 1
| /* end confdefs.h.  */
| #include <stdio.h>
| #ifdef HAVE_SYS_TYPES_H
| # include <sys/types.h>
| #endif
| #ifdef HAVE_SYS_STAT_H
| # include <sys/stat.h>
| #endif
| #ifdef STDC_HEADERS
| # include <stdlib.h>
| # include <stddef.h>
| #else
| # ifdef HAVE_STDLIB_H
| #  include <stdlib.h>
| # endif
| #endif
| #ifdef HAVE_STRING_H
| # if !defined STDC_HEADERS && defined HAVE_MEMORY_H
| #  include <memory.h>
| # endif
| # include <string.h>
| #endif
| #ifdef HAVE_STRINGS_H
| # include <strings.h>
| #endif
| #ifdef HAVE_INTTYPES_H
| # include <inttypes.h>
| #endif
| #ifdef HAVE_STDINT_H
| # include <stdint.h>
| #endif
| #ifdef HAVE_UNISTD_H
| # include <unistd.h>
| #endif
| #include <jmorecfg.h>
configure:16626: result: no
configure:16626: checking jmorecfg.h presence
configure:16626: gcc -E  conftest.c
conftest.c:23:10: fatal error: 'jmorecfg.h' file not found
#include <jmorecfg.h>
         ^
1 error generated.
configure:16626: $? = 1
configure: failed program was:
| /* confdefs.h */
| #define PACKAGE_NAME "lcms2"
| #define PACKAGE_TARNAME "lcms2"
| #define PACKAGE_VERSION "2.7"
| #define PACKAGE_STRING "lcms2 2.7"
| #define PACKAGE_BUGREPORT ""
| #define PACKAGE_URL ""
| #define STDC_HEADERS 1
| #define HAVE_SYS_TYPES_H 1
| #define HAVE_SYS_STAT_H 1
| #define HAVE_STDLIB_H 1
| #define HAVE_STRING_H 1
| #define HAVE_MEMORY_H 1
| #define HAVE_STRINGS_H 1
| #define HAVE_INTTYPES_H 1
| #define HAVE_STDINT_H 1
| #define HAVE_UNISTD_H 1
| #define HAVE_DLFCN_H 1
| #define LT_OBJDIR ".libs/"
| #define HAVE_PTHREAD 1
| #define HasTHREADS 1
| /* end confdefs.h.  */
| #include <jmorecfg.h>
configure:16626: result: no
configure:16626: checking for jmorecfg.h
configure:16626: result: no
configure:16634: checking jpeglib.h usability
configure:16634: gcc -c -g -O2 -D_THREAD_SAFE   conftest.c >&5
conftest.c:56:10: fatal error: 'jpeglib.h' file not found
#include <jpeglib.h>
         ^
1 error generated.
configure:16634: $? = 1
configure: failed program was:
| /* confdefs.h */
| #define PACKAGE_NAME "lcms2"
| #define PACKAGE_TARNAME "lcms2"
| #define PACKAGE_VERSION "2.7"
| #define PACKAGE_STRING "lcms2 2.7"
| #define PACKAGE_BUGREPORT ""
| #define PACKAGE_URL ""
| #define STDC_HEADERS 1
| #define HAVE_SYS_TYPES_H 1
| #define HAVE_SYS_STAT_H 1
| #define HAVE_STDLIB_H 1
| #define HAVE_STRING_H 1
| #define HAVE_MEMORY_H 1
| #define HAVE_STRINGS_H 1
| #define HAVE_INTTYPES_H 1
| #define HAVE_STDINT_H 1
| #define HAVE_UNISTD_H 1
| #define HAVE_DLFCN_H 1
| #define LT_OBJDIR ".libs/"
| #define HAVE_PTHREAD 1
| #define HasTHREADS 1
| /* end confdefs.h.  */
| #include <stdio.h>
| #ifdef HAVE_SYS_TYPES_H
| # include <sys/types.h>
| #endif
| #ifdef HAVE_SYS_STAT_H
| # include <sys/stat.h>
| #endif
| #ifdef STDC_HEADERS
| # include <stdlib.h>
| # include <stddef.h>
| #else
| # ifdef HAVE_STDLIB_H
| #  include <stdlib.h>
| # endif
| #endif
| #ifdef HAVE_STRING_H
| # if !defined STDC_HEADERS && defined HAVE_MEMORY_H
| #  include <memory.h>
| # endif
| # include <string.h>
| #endif
| #ifdef HAVE_STRINGS_H
| # include <strings.h>
| #endif
| #ifdef HAVE_INTTYPES_H
| # include <inttypes.h>
| #endif
| #ifdef HAVE_STDINT_H
| # include <stdint.h>
| #endif
| #ifdef HAVE_UNISTD_H
| # include <unistd.h>
| #endif
| #include <jpeglib.h>
configure:16634: result: no
configure:16634: checking jpeglib.h presence
configure:16634: gcc -E  conftest.c
conftest.c:23:10: fatal error: 'jpeglib.h' file not found
#include <jpeglib.h>
         ^
1 error generated.
configure:16634: $? = 1
configure: failed program was:
| /* confdefs.h */
| #define PACKAGE_NAME "lcms2"
| #define PACKAGE_TARNAME "lcms2"
| #define PACKAGE_VERSION "2.7"
| #define PACKAGE_STRING "lcms2 2.7"
| #define PACKAGE_BUGREPORT ""
| #define PACKAGE_URL ""
| #define STDC_HEADERS 1
| #define HAVE_SYS_TYPES_H 1
| #define HAVE_SYS_STAT_H 1
| #define HAVE_STDLIB_H 1
| #define HAVE_STRING_H 1
| #define HAVE_MEMORY_H 1
| #define HAVE_STRINGS_H 1
| #define HAVE_INTTYPES_H 1
| #define HAVE_STDINT_H 1
| #define HAVE_UNISTD_H 1
| #define HAVE_DLFCN_H 1
| #define LT_OBJDIR ".libs/"
| #define HAVE_PTHREAD 1
| #define HasTHREADS 1
| /* end confdefs.h.  */
| #include <jpeglib.h>
configure:16634: result: no
configure:16634: checking for jpeglib.h
configure:16634: result: no
configure:16642: checking for jpeg_read_header in -ljpeg
configure:16667: gcc -o conftest -g -O2 -D_THREAD_SAFE    conftest.c -ljpeg  -lm  -lpthread >&5
ld: library not found for -ljpeg
clang: error: linker command failed with exit code 1 (use -v to see invocation)
configure:16667: $? = 1
configure: failed program was:
| /* confdefs.h */
| #define PACKAGE_NAME "lcms2"
| #define PACKAGE_TARNAME "lcms2"
| #define PACKAGE_VERSION "2.7"
| #define PACKAGE_STRING "lcms2 2.7"
| #define PACKAGE_BUGREPORT ""
| #define PACKAGE_URL ""
| #define STDC_HEADERS 1
| #define HAVE_SYS_TYPES_H 1
| #define HAVE_SYS_STAT_H 1
| #define HAVE_STDLIB_H 1
| #define HAVE_STRING_H 1
| #define HAVE_MEMORY_H 1
| #define HAVE_STRINGS_H 1
| #define HAVE_INTTYPES_H 1
| #define HAVE_STDINT_H 1
| #define HAVE_UNISTD_H 1
| #define HAVE_DLFCN_H 1
| #define LT_OBJDIR ".libs/"
| #define HAVE_PTHREAD 1
| #define HasTHREADS 1
| /* end confdefs.h.  */
| 
| /* Override any GCC internal prototype to avoid an error.
|    Use char because int might match the return type of a GCC
|    builtin and then its argument prototype would still apply.  */
| #ifdef __cplusplus
| extern "C"
| #endif
| char jpeg_read_header ();
| int
| main ()
| {
| return jpeg_read_header ();
|   ;
|   return 0;
| }
configure:16676: result: no
configure:16687: checking for JPEG library is version 6b or later
configure:16711: gcc -c -g -O2 -D_THREAD_SAFE   conftest.c >&5
conftest.c:25:10: fatal error: 'jpeglib.h' file not found
#include <jpeglib.h>
         ^
1 error generated.
configure:16711: $? = 1
configure: failed program was:
| /* confdefs.h */
| #define PACKAGE_NAME "lcms2"
| #define PACKAGE_TARNAME "lcms2"
| #define PACKAGE_VERSION "2.7"
| #define PACKAGE_STRING "lcms2 2.7"
| #define PACKAGE_BUGREPORT ""
| #define PACKAGE_URL ""
| #define STDC_HEADERS 1
| #define HAVE_SYS_TYPES_H 1
| #define HAVE_SYS_STAT_H 1
| #define HAVE_STDLIB_H 1
| #define HAVE_STRING_H 1
| #define HAVE_MEMORY_H 1
| #define HAVE_STRINGS_H 1
| #define HAVE_INTTYPES_H 1
| #define HAVE_STDINT_H 1
| #define HAVE_UNISTD_H 1
| #define HAVE_DLFCN_H 1
| #define LT_OBJDIR ".libs/"
| #define HAVE_PTHREAD 1
| #define HasTHREADS 1
| /* end confdefs.h.  */
| #include <stdio.h>
| #include <stdlib.h>
| #include <jpeglib.h>
| 
| int
| main ()
| {
| 
| #if JPEG_LIB_VERSION < 62
| #error IJG JPEG library must be version 6b or newer!
| #endif
| return 0;
| 
|   ;
|   return 0;
| }
configure:16718: result: no
configure:16725: result: no
configure:16730: checking if JPEG package is complete
configure:16750: result: no
configure:16771: checking for ZLIB support 
configure:16773: result: 
configure:16777: checking zconf.h usability
configure:16777: gcc -c -g -O2 -D_THREAD_SAFE   conftest.c >&5
configure:16777: $? = 0
configure:16777: result: yes
configure:16777: checking zconf.h presence
configure:16777: gcc -E  conftest.c
configure:16777: $? = 0
configure:16777: result: yes
configure:16777: checking for zconf.h
configure:16777: result: yes
configure:16785: checking zlib.h usability
configure:16785: gcc -c -g -O2 -D_THREAD_SAFE   conftest.c >&5
configure:16785: $? = 0
configure:16785: result: yes
configure:16785: checking zlib.h presence
configure:16785: gcc -E  conftest.c
configure:16785: $? = 0
configure:16785: result: yes
configure:16785: checking for zlib.h
configure:16785: result: yes
configure:16793: checking for compress in -lz
configure:16818: gcc -o conftest -g -O2 -D_THREAD_SAFE    conftest.c -lz  -lm  -lpthread >&5
configure:16818: $? = 0
configure:16827: result: yes
configure:16835: checking for uncompress in -lz
configure:16860: gcc -o conftest -g -O2 -D_THREAD_SAFE    conftest.c -lz  -lm  -lpthread >&5
configure:16860: $? = 0
configure:16869: result: yes
configure:16877: checking for deflate in -lz
configure:16902: gcc -o conftest -g -O2 -D_THREAD_SAFE    conftest.c -lz  -lm  -lpthread >&5
configure:16902: $? = 0
configure:16911: result: yes
configure:16919: checking for inflate in -lz
configure:16944: gcc -o conftest -g -O2 -D_THREAD_SAFE    conftest.c -lz  -lm  -lpthread >&5
configure:16944: $? = 0
configure:16953: result: yes
configure:16961: checking for gzseek in -lz
configure:16986: gcc -o conftest -g -O2 -D_THREAD_SAFE    conftest.c -lz  -lm  -lpthread >&5
configure:16986: $? = 0
configure:16995: result: yes
configure:17003: checking for gztell in -lz
configure:17028: gcc -o conftest -g -O2 -D_THREAD_SAFE    conftest.c -lz  -lm  -lpthread >&5
configure:17028: $? = 0
configure:17037: result: yes
configure:17045: checking if ZLIB package is complete
configure:17060: result: yes
configure:17086: checking for TIFF support
configure:17088: result: 
configure:17092: checking tiff.h usability
configure:17092: gcc -c -g -O2 -D_THREAD_SAFE   conftest.c >&5
conftest.c:57:10: fatal error: 'tiff.h' file not found
#include <tiff.h>
         ^
1 error generated.
configure:17092: $? = 1
configure: failed program was:
| /* confdefs.h */
| #define PACKAGE_NAME "lcms2"
| #define PACKAGE_TARNAME "lcms2"
| #define PACKAGE_VERSION "2.7"
| #define PACKAGE_STRING "lcms2 2.7"
| #define PACKAGE_BUGREPORT ""
| #define PACKAGE_URL ""
| #define STDC_HEADERS 1
| #define HAVE_SYS_TYPES_H 1
| #define HAVE_SYS_STAT_H 1
| #define HAVE_STDLIB_H 1
| #define HAVE_STRING_H 1
| #define HAVE_MEMORY_H 1
| #define HAVE_STRINGS_H 1
| #define HAVE_INTTYPES_H 1
| #define HAVE_STDINT_H 1
| #define HAVE_UNISTD_H 1
| #define HAVE_DLFCN_H 1
| #define LT_OBJDIR ".libs/"
| #define HAVE_PTHREAD 1
| #define HasTHREADS 1
| #define HasZLIB 1
| /* end confdefs.h.  */
| #include <stdio.h>
| #ifdef HAVE_SYS_TYPES_H
| # include <sys/types.h>
| #endif
| #ifdef HAVE_SYS_STAT_H
| # include <sys/stat.h>
| #endif
| #ifdef STDC_HEADERS
| # include <stdlib.h>
| # include <stddef.h>
| #else
| # ifdef HAVE_STDLIB_H
| #  include <stdlib.h>
| # endif
| #endif
| #ifdef HAVE_STRING_H
| # if !defined STDC_HEADERS && defined HAVE_MEMORY_H
| #  include <memory.h>
| # endif
| # include <string.h>
| #endif
| #ifdef HAVE_STRINGS_H
| # include <strings.h>
| #endif
| #ifdef HAVE_INTTYPES_H
| # include <inttypes.h>
| #endif
| #ifdef HAVE_STDINT_H
| # include <stdint.h>
| #endif
| #ifdef HAVE_UNISTD_H
| # include <unistd.h>
| #endif
| #include <tiff.h>
configure:17092: result: no
configure:17092: checking tiff.h presence
configure:17092: gcc -E  conftest.c
conftest.c:24:10: fatal error: 'tiff.h' file not found
#include <tiff.h>
         ^
1 error generated.
configure:17092: $? = 1
configure: failed program was:
| /* confdefs.h */
| #define PACKAGE_NAME "lcms2"
| #define PACKAGE_TARNAME "lcms2"
| #define PACKAGE_VERSION "2.7"
| #define PACKAGE_STRING "lcms2 2.7"
| #define PACKAGE_BUGREPORT ""
| #define PACKAGE_URL ""
| #define STDC_HEADERS 1
| #define HAVE_SYS_TYPES_H 1
| #define HAVE_SYS_STAT_H 1
| #define HAVE_STDLIB_H 1
| #define HAVE_STRING_H 1
| #define HAVE_MEMORY_H 1
| #define HAVE_STRINGS_H 1
| #define HAVE_INTTYPES_H 1
| #define HAVE_STDINT_H 1
| #define HAVE_UNISTD_H 1
| #define HAVE_DLFCN_H 1
| #define LT_OBJDIR ".libs/"
| #define HAVE_PTHREAD 1
| #define HasTHREADS 1
| #define HasZLIB 1
| /* end confdefs.h.  */
| #include <tiff.h>
configure:17092: result: no
configure:17092: checking for tiff.h
configure:17092: result: no
configure:17100: checking tiffio.h usability
configure:17100: gcc -c -g -O2 -D_THREAD_SAFE   conftest.c >&5
conftest.c:57:10: fatal error: 'tiffio.h' file not found
#include <tiffio.h>
         ^
1 error generated.
configure:17100: $? = 1
configure: failed program was:
| /* confdefs.h */
| #define PACKAGE_NAME "lcms2"
| #define PACKAGE_TARNAME "lcms2"
| #define PACKAGE_VERSION "2.7"
| #define PACKAGE_STRING "lcms2 2.7"
| #define PACKAGE_BUGREPORT ""
| #define PACKAGE_URL ""
| #define STDC_HEADERS 1
| #define HAVE_SYS_TYPES_H 1
| #define HAVE_SYS_STAT_H 1
| #define HAVE_STDLIB_H 1
| #define HAVE_STRING_H 1
| #define HAVE_MEMORY_H 1
| #define HAVE_STRINGS_H 1
| #define HAVE_INTTYPES_H 1
| #define HAVE_STDINT_H 1
| #define HAVE_UNISTD_H 1
| #define HAVE_DLFCN_H 1
| #define LT_OBJDIR ".libs/"
| #define HAVE_PTHREAD 1
| #define HasTHREADS 1
| #define HasZLIB 1
| /* end confdefs.h.  */
| #include <stdio.h>
| #ifdef HAVE_SYS_TYPES_H
| # include <sys/types.h>
| #endif
| #ifdef HAVE_SYS_STAT_H
| # include <sys/stat.h>
| #endif
| #ifdef STDC_HEADERS
| # include <stdlib.h>
| # include <stddef.h>
| #else
| # ifdef HAVE_STDLIB_H
| #  include <stdlib.h>
| # endif
| #endif
| #ifdef HAVE_STRING_H
| # if !defined STDC_HEADERS && defined HAVE_MEMORY_H
| #  include <memory.h>
| # endif
| # include <string.h>
| #endif
| #ifdef HAVE_STRINGS_H
| # include <strings.h>
| #endif
| #ifdef HAVE_INTTYPES_H
| # include <inttypes.h>
| #endif
| #ifdef HAVE_STDINT_H
| # include <stdint.h>
| #endif
| #ifdef HAVE_UNISTD_H
| # include <unistd.h>
| #endif
| #include <tiffio.h>
configure:17100: result: no
configure:17100: checking tiffio.h presence
configure:17100: gcc -E  conftest.c
conftest.c:24:10: fatal error: 'tiffio.h' file not found
#include <tiffio.h>
         ^
1 error generated.
configure:17100: $? = 1
configure: failed program was:
| /* confdefs.h */
| #define PACKAGE_NAME "lcms2"
| #define PACKAGE_TARNAME "lcms2"
| #define PACKAGE_VERSION "2.7"
| #define PACKAGE_STRING "lcms2 2.7"
| #define PACKAGE_BUGREPORT ""
| #define PACKAGE_URL ""
| #define STDC_HEADERS 1
| #define HAVE_SYS_TYPES_H 1
| #define HAVE_SYS_STAT_H 1
| #define HAVE_STDLIB_H 1
| #define HAVE_STRING_H 1
| #define HAVE_MEMORY_H 1
| #define HAVE_STRINGS_H 1
| #define HAVE_INTTYPES_H 1
| #define HAVE_STDINT_H 1
| #define HAVE_UNISTD_H 1
| #define HAVE_DLFCN_H 1
| #define LT_OBJDIR ".libs/"
| #define HAVE_PTHREAD 1
| #define HasTHREADS 1
| #define HasZLIB 1
| /* end confdefs.h.  */
| #include <tiffio.h>
configure:17100: result: no
configure:17100: checking for tiffio.h
configure:17100: result: no
configure:17108: checking for TIFFOpen in -ltiff
configure:17133: gcc -o conftest -g -O2 -D_THREAD_SAFE    conftest.c -ltiff  -lz -lm  -lpthread >&5
ld: library not found for -ltiff
clang: error: linker command failed with exit code 1 (use -v to see invocation)
configure:17133: $? = 1
configure: failed program was:
| /* confdefs.h */
| #define PACKAGE_NAME "lcms2"
| #define PACKAGE_TARNAME "lcms2"
| #define PACKAGE_VERSION "2.7"
| #define PACKAGE_STRING "lcms2 2.7"
| #define PACKAGE_BUGREPORT ""
| #define PACKAGE_URL ""
| #define STDC_HEADERS 1
| #define HAVE_SYS_TYPES_H 1
| #define HAVE_SYS_STAT_H 1
| #define HAVE_STDLIB_H 1
| #define HAVE_STRING_H 1
| #define HAVE_MEMORY_H 1
| #define HAVE_STRINGS_H 1
| #define HAVE_INTTYPES_H 1
| #define HAVE_STDINT_H 1
| #define HAVE_UNISTD_H 1
| #define HAVE_DLFCN_H 1
| #define LT_OBJDIR ".libs/"
| #define HAVE_PTHREAD 1
| #define HasTHREADS 1
| #define HasZLIB 1
| /* end confdefs.h.  */
| 
| /* Override any GCC internal prototype to avoid an error.
|    Use char because int might match the return type of a GCC
|    builtin and then its argument prototype would still apply.  */
| #ifdef __cplusplus
| extern "C"
| #endif
| char TIFFOpen ();
| int
| main ()
| {
| return TIFFOpen ();
|   ;
|   return 0;
| }
configure:17142: result: no
configure:17150: checking for TIFFClientOpen in -ltiff
configure:17175: gcc -o conftest -g -O2 -D_THREAD_SAFE    conftest.c -ltiff  -lz -lm  -lpthread >&5
ld: library not found for -ltiff
clang: error: linker command failed with exit code 1 (use -v to see invocation)
configure:17175: $? = 1
configure: failed program was:
| /* confdefs.h */
| #define PACKAGE_NAME "lcms2"
| #define PACKAGE_TARNAME "lcms2"
| #define PACKAGE_VERSION "2.7"
| #define PACKAGE_STRING "lcms2 2.7"
| #define PACKAGE_BUGREPORT ""
| #define PACKAGE_URL ""
| #define STDC_HEADERS 1
| #define HAVE_SYS_TYPES_H 1
| #define HAVE_SYS_STAT_H 1
| #define HAVE_STDLIB_H 1
| #define HAVE_STRING_H 1
| #define HAVE_MEMORY_H 1
| #define HAVE_STRINGS_H 1
| #define HAVE_INTTYPES_H 1
| #define HAVE_STDINT_H 1
| #define HAVE_UNISTD_H 1
| #define HAVE_DLFCN_H 1
| #define LT_OBJDIR ".libs/"
| #define HAVE_PTHREAD 1
| #define HasTHREADS 1
| #define HasZLIB 1
| /* end confdefs.h.  */
| 
| /* Override any GCC internal prototype to avoid an error.
|    Use char because int might match the return type of a GCC
|    builtin and then its argument prototype would still apply.  */
| #ifdef __cplusplus
| extern "C"
| #endif
| char TIFFClientOpen ();
| int
| main ()
| {
| return TIFFClientOpen ();
|   ;
|   return 0;
| }
configure:17184: result: no
configure:17192: checking for TIFFIsByteSwapped in -ltiff
configure:17217: gcc -o conftest -g -O2 -D_THREAD_SAFE    conftest.c -ltiff  -lz -lm  -lpthread >&5
ld: library not found for -ltiff
clang: error: linker command failed with exit code 1 (use -v to see invocation)
configure:17217: $? = 1
configure: failed program was:
| /* confdefs.h */
| #define PACKAGE_NAME "lcms2"
| #define PACKAGE_TARNAME "lcms2"
| #define PACKAGE_VERSION "2.7"
| #define PACKAGE_STRING "lcms2 2.7"
| #define PACKAGE_BUGREPORT ""
| #define PACKAGE_URL ""
| #define STDC_HEADERS 1
| #define HAVE_SYS_TYPES_H 1
| #define HAVE_SYS_STAT_H 1
| #define HAVE_STDLIB_H 1
| #define HAVE_STRING_H 1
| #define HAVE_MEMORY_H 1
| #define HAVE_STRINGS_H 1
| #define HAVE_INTTYPES_H 1
| #define HAVE_STDINT_H 1
| #define HAVE_UNISTD_H 1
| #define HAVE_DLFCN_H 1
| #define LT_OBJDIR ".libs/"
| #define HAVE_PTHREAD 1
| #define HasTHREADS 1
| #define HasZLIB 1
| /* end confdefs.h.  */
| 
| /* Override any GCC internal prototype to avoid an error.
|    Use char because int might match the return type of a GCC
|    builtin and then its argument prototype would still apply.  */
| #ifdef __cplusplus
| extern "C"
| #endif
| char TIFFIsByteSwapped ();
| int
| main ()
| {
| return TIFFIsByteSwapped ();
|   ;
|   return 0;
| }
configure:17226: result: no
configure:17234: checking if TIFF package is complete
configure:17266: result: no
configure:17508: creating ./config.status

## ---------------------- ##
## Running config.status. ##
## ---------------------- ##

This file was extended by lcms2 config.status 2.7, which was
generated by GNU Autoconf 2.69.  Invocation command line was

  CONFIG_FILES    = 
  CONFIG_HEADERS  = 
  CONFIG_LINKS    = 
  CONFIG_COMMANDS = 
  $ ./config.status 

on Avocado.austin.rr.com

config.status:1096: creating Makefile
config.status:1096: creating lcms2.pc
config.status:1096: creating include/Makefile
config.status:1096: creating src/Makefile
config.status:1096: creating utils/tificc/Makefile
config.status:1096: creating utils/transicc/Makefile
config.status:1096: creating utils/linkicc/Makefile
config.status:1096: creating utils/jpgicc/Makefile
config.status:1096: creating utils/psicc/Makefile
config.status:1096: creating testbed/Makefile
config.status:1268: executing depfiles commands
config.status:1268: executing libtool commands

## ---------------- ##
## Cache variables. ##
## ---------------- ##

ac_cv_build=x86_64-apple-darwin15.4.0
ac_cv_c_bigendian=no
ac_cv_c_compiler_gnu=yes
ac_cv_c_inline=inline
ac_cv_cxx_compiler_gnu=yes
ac_cv_env_CCC_set=
ac_cv_env_CCC_value=
ac_cv_env_CC_set=
ac_cv_env_CC_value=
ac_cv_env_CFLAGS_set=
ac_cv_env_CFLAGS_value=
ac_cv_env_CPPFLAGS_set=
ac_cv_env_CPPFLAGS_value=
ac_cv_env_CPP_set=
ac_cv_env_CPP_value=
ac_cv_env_CXXCPP_set=
ac_cv_env_CXXCPP_value=
ac_cv_env_CXXFLAGS_set=
ac_cv_env_CXXFLAGS_value=
ac_cv_env_CXX_set=
ac_cv_env_CXX_value=
ac_cv_env_LDFLAGS_set=
ac_cv_env_LDFLAGS_value=
ac_cv_env_LIBS_set=
ac_cv_env_LIBS_value=
ac_cv_env_build_alias_set=
ac_cv_env_build_alias_value=
ac_cv_env_host_alias_set=
ac_cv_env_host_alias_value=
ac_cv_env_target_alias_set=
ac_cv_env_target_alias_value=
ac_cv_header_dlfcn_h=yes
ac_cv_header_inttypes_h=yes
ac_cv_header_jconfig_h=no
ac_cv_header_jerror_h=no
ac_cv_header_jmorecfg_h=no
ac_cv_header_jpeglib_h=no
ac_cv_header_memory_h=yes
ac_cv_header_stdc=yes
ac_cv_header_stdint_h=yes
ac_cv_header_stdlib_h=yes
ac_cv_header_string_h=yes
ac_cv_header_strings_h=yes
ac_cv_header_sys_stat_h=yes
ac_cv_header_sys_types_h=yes
ac_cv_header_tiff_h=no
ac_cv_header_tiffio_h=no
ac_cv_header_unistd_h=yes
ac_cv_header_zconf_h=yes
ac_cv_header_zlib_h=yes
ac_cv_host=x86_64-apple-darwin15.4.0
ac_cv_jpeg_version_ok=no
ac_cv_lib_jpeg_jpeg_read_header=no
ac_cv_lib_m_sqrt=yes
ac_cv_lib_pthread___pthread_mutex_lock=yes
ac_cv_lib_tiff_TIFFClientOpen=no
ac_cv_lib_tiff_TIFFIsByteSwapped=no
ac_cv_lib_tiff_TIFFOpen=no
ac_cv_lib_z_compress=yes
ac_cv_lib_z_deflate=yes
ac_cv_lib_z_gzseek=yes
ac_cv_lib_z_gztell=yes
ac_cv_lib_z_inflate=yes
ac_cv_lib_z_uncompress=yes
ac_cv_objext=o
ac_cv_path_EGREP='/usr/bin/grep -E'
ac_cv_path_FGREP='/usr/bin/grep -F'
ac_cv_path_GREP=/usr/bin/grep
ac_cv_path_SED=/usr/bin/sed
ac_cv_path_install='/usr/bin/install -c'
ac_cv_prog_AWK=awk
ac_cv_prog_CPP='gcc -E'
ac_cv_prog_CXXCPP='g++ -E'
ac_cv_prog_ac_ct_AR=ar
ac_cv_prog_ac_ct_CC=gcc
ac_cv_prog_ac_ct_CXX=g++
ac_cv_prog_ac_ct_DLLTOOL=dlltool
ac_cv_prog_ac_ct_DSYMUTIL=dsymutil
ac_cv_prog_ac_ct_LIPO=lipo
ac_cv_prog_ac_ct_NMEDIT=nmedit
ac_cv_prog_ac_ct_OBJDUMP=objdump
ac_cv_prog_ac_ct_OTOOL=otool
ac_cv_prog_ac_ct_RANLIB=ranlib
ac_cv_prog_ac_ct_STRIP=strip
ac_cv_prog_cc_c89=
ac_cv_prog_cc_c99=
ac_cv_prog_cc_g=yes
ac_cv_prog_cc_stdc=
ac_cv_prog_cxx_g=yes
ac_cv_prog_make_make_set=yes
am_cv_CC_dependencies_compiler_type=gcc3
am_cv_CXX_dependencies_compiler_type=gcc3
lt_cv_apple_cc_single_mod=yes
lt_cv_ar_at_file=no
lt_cv_deplibs_check_method=pass_all
lt_cv_file_magic_cmd='$MAGIC_CMD'
lt_cv_file_magic_test_file=
lt_cv_ld_exported_symbols_list=yes
lt_cv_ld_force_load=yes
lt_cv_ld_reload_flag=-r
lt_cv_nm_interface='BSD nm'
lt_cv_objdir=.libs
lt_cv_path_LD=/Applications/Xcode.app/Contents/Developer/Toolchains/XcodeDefault.xctoolchain/usr/bin/ld
lt_cv_path_LDCXX=/Applications/Xcode.app/Contents/Developer/Toolchains/XcodeDefault.xctoolchain/usr/bin/ld
lt_cv_path_NM='/usr/bin/nm -B'
lt_cv_path_mainfest_tool=no
lt_cv_prog_compiler_c_o=yes
lt_cv_prog_compiler_c_o_CXX=yes
lt_cv_prog_compiler_pic='-fno-common -DPIC'
lt_cv_prog_compiler_pic_CXX='-fno-common -DPIC'
lt_cv_prog_compiler_pic_works=yes
lt_cv_prog_compiler_pic_works_CXX=yes
lt_cv_prog_compiler_rtti_exceptions=yes
lt_cv_prog_compiler_static_works=no
lt_cv_prog_compiler_static_works_CXX=no
lt_cv_prog_gnu_ld=no
lt_cv_prog_gnu_ldcxx=no
lt_cv_sharedlib_from_linklib_cmd='printf %s\n'
lt_cv_sys_global_symbol_pipe='sed -n -e '\''s/^.*[	 ]\([BCDEGRST][BCDEGRST]*\)[	 ][	 ]*_\([_A-Za-z][_A-Za-z0-9]*\)$/\1 _\2 \2/p'\'' | sed '\''/ __gnu_lto/d'\'''
lt_cv_sys_global_symbol_to_c_name_address='sed -n -e '\''s/^: \([^ ]*\)[ ]*$/  {\"\1\", (void *) 0},/p'\'' -e '\''s/^[BCDEGRST]* \([^ ]*\) \([^ ]*\)$/  {"\2", (void *) \&\2},/p'\'''
lt_cv_sys_global_symbol_to_c_name_address_lib_prefix='sed -n -e '\''s/^: \([^ ]*\)[ ]*$/  {\"\1\", (void *) 0},/p'\'' -e '\''s/^[BCDEGRST]* \([^ ]*\) \(lib[^ ]*\)$/  {"\2", (void *) \&\2},/p'\'' -e '\''s/^[BCDEGRST]* \([^ ]*\) \([^ ]*\)$/  {"lib\2", (void *) \&\2},/p'\'''
lt_cv_sys_global_symbol_to_cdecl='sed -n -e '\''s/^T .* \(.*\)$/extern int \1();/p'\'' -e '\''s/^[BCDEGRST]* .* \(.*\)$/extern char \1;/p'\'''
lt_cv_sys_max_cmd_len=196608
lt_cv_to_host_file_cmd=func_convert_file_noop
lt_cv_to_tool_file_cmd=func_convert_file_noop

## ----------------- ##
## Output variables. ##
## ----------------- ##

ACLOCAL='${SHELL} /Users/tristan/Photography/Avocado/Dependencies/lcms2-2.7/missing --run aclocal-1.11'
AMDEPBACKSLASH='\'
AMDEP_FALSE='#'
AMDEP_TRUE=''
AMTAR='$${TAR-tar}'
AR='ar'
AS='as'
AUTOCONF='${SHELL} /Users/tristan/Photography/Avocado/Dependencies/lcms2-2.7/missing --run autoconf'
AUTOHEADER='${SHELL} /Users/tristan/Photography/Avocado/Dependencies/lcms2-2.7/missing --run autoheader'
AUTOMAKE='${SHELL} /Users/tristan/Photography/Avocado/Dependencies/lcms2-2.7/missing --run automake-1.11'
AWK='awk'
CC='gcc'
CCDEPMODE='depmode=gcc3'
CFLAGS='-g -O2 -D_THREAD_SAFE '
CPP='gcc -E'
CPPFLAGS=''
CXX='g++'
CXXCPP='g++ -E'
CXXDEPMODE='depmode=gcc3'
CXXFLAGS='-g -O2 -D_THREAD_SAFE '
CYGPATH_W='echo'
DEFS='-DPACKAGE_NAME=\"lcms2\" -DPACKAGE_TARNAME=\"lcms2\" -DPACKAGE_VERSION=\"2.7\" -DPACKAGE_STRING=\"lcms2\ 2.7\" -DPACKAGE_BUGREPORT=\"\" -DPACKAGE_URL=\"\" -DSTDC_HEADERS=1 -DHAVE_SYS_TYPES_H=1 -DHAVE_SYS_STAT_H=1 -DHAVE_STDLIB_H=1 -DHAVE_STRING_H=1 -DHAVE_MEMORY_H=1 -DHAVE_STRINGS_H=1 -DHAVE_INTTYPES_H=1 -DHAVE_STDINT_H=1 -DHAVE_UNISTD_H=1 -DHAVE_DLFCN_H=1 -DLT_OBJDIR=\".libs/\" -DHAVE_PTHREAD=1 -DHasTHREADS=1 -DHasZLIB=1'
DEPDIR='.deps'
DLLTOOL='dlltool'
DSYMUTIL='dsymutil'
DUMPBIN=''
ECHO_C='\c'
ECHO_N=''
ECHO_T=''
EGREP='/usr/bin/grep -E'
EXEEXT=''
FGREP='/usr/bin/grep -F'
GREP='/usr/bin/grep'
HasJPEG_FALSE=''
HasJPEG_TRUE='#'
HasTIFF_FALSE=''
HasTIFF_TRUE='#'
HasZLIB_FALSE='#'
HasZLIB_TRUE=''
INSTALL_DATA='${INSTALL} -m 644'
INSTALL_PROGRAM='${INSTALL}'
INSTALL_SCRIPT='${INSTALL}'
INSTALL_STRIP_PROGRAM='$(install_sh) -c -s'
JPEGICC_DEPLIBS='-lm -lpthread'
LCMS_LIB_DEPLIBS='-lm -lpthread'
LD='/Applications/Xcode.app/Contents/Developer/Toolchains/XcodeDefault.xctoolchain/usr/bin/ld'
LDFLAGS=''
LIBOBJS=''
LIBRARY_AGE='0'
LIBRARY_CURRENT='2'
LIBRARY_REVISION='7'
LIBS=''
LIBTOOL='$(SHELL) $(top_builddir)/libtool'
LIBTOOL_DEPS='./ltmain.sh'
LIB_JPEG=''
LIB_MATH='-lm'
LIB_THREAD='-lpthread'
LIB_TIFF=''
LIB_ZLIB='-lz'
LIPO='lipo'
LN_S='ln -s'
LTLIBOBJS=''
MAINT='#'
MAINTAINER_MODE_FALSE=''
MAINTAINER_MODE_TRUE='#'
MAKEINFO='${SHELL} /Users/tristan/Photography/Avocado/Dependencies/lcms2-2.7/missing --run makeinfo'
MANIFEST_TOOL=':'
MKDIR_P='./install-sh -c -d'
NM='/usr/bin/nm -B'
NMEDIT='nmedit'
OBJDUMP='objdump'
OBJEXT='o'
OTOOL64=':'
OTOOL='otool'
PACKAGE='lcms2'
PACKAGE_BUGREPORT=''
PACKAGE_NAME='lcms2'
PACKAGE_STRING='lcms2 2.7'
PACKAGE_TARNAME='lcms2'
PACKAGE_URL=''
PACKAGE_VERSION='2.7'
PATH_SEPARATOR=':'
PTHREAD_CC='gcc'
PTHREAD_CFLAGS='-D_THREAD_SAFE '
PTHREAD_CXX='g++'
PTHREAD_LIBS='-lpthread'
RANLIB='ranlib'
SED='/usr/bin/sed'
SET_MAKE=''
SHELL='/bin/sh'
STRIP='strip'
TIFFICC_DEPLIBS='-lz -lm -lpthread'
VERSION='2.7'
ac_ct_AR='ar'
ac_ct_CC='gcc'
ac_ct_CXX='g++'
ac_ct_DUMPBIN=''
acx_pthread_config=''
am__EXEEXT_FALSE=''
am__EXEEXT_TRUE='#'
am__fastdepCC_FALSE='#'
am__fastdepCC_TRUE=''
am__fastdepCXX_FALSE='#'
am__fastdepCXX_TRUE=''
am__include='include'
am__isrc=''
am__leading_dot='.'
am__nodep='_no'
am__quote=''
am__tar='$${TAR-tar} chof - "$$tardir"'
am__untar='$${TAR-tar} xf -'
bindir='${exec_prefix}/bin'
build='x86_64-apple-darwin15.4.0'
build_alias=''
build_cpu='x86_64'
build_os='darwin15.4.0'
build_vendor='apple'
datadir='${datarootdir}'
datarootdir='${prefix}/share'
docdir='${datarootdir}/doc/${PACKAGE_TARNAME}'
dvidir='${docdir}'
exec_prefix='${prefix}'
host='x86_64-apple-darwin15.4.0'
host_alias=''
host_cpu='x86_64'
host_os='darwin15.4.0'
host_vendor='apple'
htmldir='${docdir}'
includedir='${prefix}/include'
infodir='${datarootdir}/info'
inline=''
install_sh='${SHELL} /Users/tristan/Photography/Avocado/Dependencies/lcms2-2.7/install-sh'
libdir='${exec_prefix}/lib'
libexecdir='${exec_prefix}/libexec'
localedir='${datarootdir}/locale'
localstatedir='${prefix}/var'
mandir='${datarootdir}/man'
mkdir_p='$(top_builddir)/./install-sh -c -d'
oldincludedir='/usr/include'
pdfdir='${docdir}'
prefix='/usr/local'
program_transform_name='s,x,x,'
psdir='${docdir}'
sbindir='${exec_prefix}/sbin'
sharedstatedir='${prefix}/com'
sysconfdir='${prefix}/etc'
target_alias=''

## ----------- ##
## confdefs.h. ##
## ----------- ##

/* confdefs.h */
#define PACKAGE_NAME "lcms2"
#define PACKAGE_TARNAME "lcms2"
#define PACKAGE_VERSION "2.7"
#define PACKAGE_STRING "lcms2 2.7"
#define PACKAGE_BUGREPORT ""
#define PACKAGE_URL ""
#define STDC_HEADERS 1
#define HAVE_SYS_TYPES_H 1
#define HAVE_SYS_STAT_H 1
#define HAVE_STDLIB_H 1
#define HAVE_STRING_H 1
#define HAVE_MEMORY_H 1
#define HAVE_STRINGS_H 1
#define HAVE_INTTYPES_H 1
#define HAVE_STDINT_H 1
#define HAVE_UNISTD_H 1
#define HAVE_DLFCN_H 1
#define LT_OBJDIR ".libs/"
#define HAVE_PTHREAD 1
#define HasTHREADS 1
#define HasZLIB 1

configure: exit 0
