This file contains any messages produced by compilers while
running configure, to aid debugging if configure makes a mistake.

It was created by LibRaw configure 0.17.1, which was
generated by GNU Autoconf 2.69.  Invocation command line was

  $ ./configure 

## --------- ##
## Platform. ##
## --------- ##

hostname = Avocado.local
uname -m = x86_64
uname -r = 15.4.0
uname -s = Darwin
uname -v = Darwin Kernel Version 15.4.0: Fri Feb 26 22:08:05 PST 2016; root:xnu-3248.40.184~3/RELEASE_X86_64

/usr/bin/uname -p = i386
/bin/uname -X     = unknown

/bin/arch              = unknown
/usr/bin/arch -k       = unknown
/usr/convex/getsysinfo = unknown
/usr/bin/hostinfo      = Mach kernel version:
	 Darwin Kernel Version 15.4.0: Fri Feb 26 22:08:05 PST 2016; root:xnu-3248.40.184~3/RELEASE_X86_64
Kernel configured for up to 8 processors.
4 processors are physically available.
8 processors are logically available.
Processor type: i486 (Intel 80486)
Processors active: 0 1 2 3 4 5 6 7
Primary memory available: 16.00 gigabytes
Default processor set: 449 tasks, 2333 threads, 8 processors
Load average: 1.73, Mach factor: 6.25
/bin/machine           = unknown
/usr/bin/oslevel       = unknown
/bin/universe          = unknown

PATH: /usr/local/opt/php55/sbin
PATH: /usr/local/opt/coreutils/libexec/gnubin
PATH: /Users/tristan/toolchains/i686-pc-elf/gcc/bin/
PATH: /usr/bin
PATH: /bin
PATH: /usr/sbin
PATH: /sbin
PATH: /usr/local/bin
PATH: /opt/X11/bin
PATH: /usr/local/go/bin


## ----------- ##
## Core tests. ##
## ----------- ##

configure:2439: checking for a BSD-compatible install
configure:2507: result: /usr/bin/install -c
configure:2518: checking whether build environment is sane
configure:2573: result: yes
configure:2724: checking for a thread-safe mkdir -p
configure:2763: result: ./install-sh -c -d
configure:2770: checking for gawk
configure:2800: result: no
configure:2770: checking for mawk
configure:2800: result: no
configure:2770: checking for nawk
configure:2800: result: no
configure:2770: checking for awk
configure:2786: found /usr/bin/awk
configure:2797: result: awk
configure:2808: checking whether make sets $(MAKE)
configure:2830: result: yes
configure:2859: checking whether make supports nested variables
configure:2876: result: yes
configure:3054: checking for g++
configure:3070: found /usr/bin/g++
configure:3081: result: g++
configure:3108: checking for C++ compiler version
configure:3117: g++ --version >&5
Apple LLVM version 7.3.0 (clang-703.0.29)
Target: x86_64-apple-darwin15.4.0
Thread model: posix
InstalledDir: /Applications/Xcode.app/Contents/Developer/Toolchains/XcodeDefault.xctoolchain/usr/bin
Configured with: --prefix=/Applications/Xcode.app/Contents/Developer/usr --with-gxx-include-dir=/Applications/Xcode.app/Contents/Developer/Platforms/MacOSX.platform/Developer/SDKs/MacOSX10.11.sdk/usr/include/c++/4.2.1
configure:3128: $? = 0
configure:3117: g++ -v >&5
Configured with: --prefix=/Applications/Xcode.app/Contents/Developer/usr --with-gxx-include-dir=/Applications/Xcode.app/Contents/Developer/Platforms/MacOSX.platform/Developer/SDKs/MacOSX10.11.sdk/usr/include/c++/4.2.1
Apple LLVM version 7.3.0 (clang-703.0.29)
Target: x86_64-apple-darwin15.4.0
Thread model: posix
InstalledDir: /Applications/Xcode.app/Contents/Developer/Toolchains/XcodeDefault.xctoolchain/usr/bin
configure:3128: $? = 0
configure:3117: g++ -V >&5
clang: error: argument to '-V' is missing (expected 1 value)
clang: error: no input files
configure:3128: $? = 1
configure:3117: g++ -qversion >&5
clang: error: unknown argument: '-qversion'
clang: error: no input files
configure:3128: $? = 1
configure:3148: checking whether the C++ compiler works
configure:3170: g++    conftest.cpp  >&5
configure:3174: $? = 0
configure:3222: result: yes
configure:3225: checking for C++ compiler default output file name
configure:3227: result: a.out
configure:3233: checking for suffix of executables
configure:3240: g++ -o conftest    conftest.cpp  >&5
configure:3244: $? = 0
configure:3266: result: 
configure:3288: checking whether we are cross compiling
configure:3296: g++ -o conftest    conftest.cpp  >&5
configure:3300: $? = 0
configure:3307: ./conftest
configure:3311: $? = 0
configure:3326: result: no
configure:3331: checking for suffix of object files
configure:3353: g++ -c   conftest.cpp >&5
configure:3357: $? = 0
configure:3378: result: o
configure:3382: checking whether we are using the GNU C++ compiler
configure:3401: g++ -c   conftest.cpp >&5
configure:3401: $? = 0
configure:3410: result: yes
configure:3419: checking whether g++ accepts -g
configure:3439: g++ -c -g  conftest.cpp >&5
configure:3439: $? = 0
configure:3480: result: yes
configure:3514: checking for style of include used by make
configure:3542: result: GNU
configure:3568: checking dependency style of g++
configure:3679: result: gcc3
configure:3742: checking for gcc
configure:3758: found /usr/bin/gcc
configure:3769: result: gcc
configure:3998: checking for C compiler version
configure:4007: gcc --version >&5
Apple LLVM version 7.3.0 (clang-703.0.29)
Target: x86_64-apple-darwin15.4.0
Thread model: posix
InstalledDir: /Applications/Xcode.app/Contents/Developer/Toolchains/XcodeDefault.xctoolchain/usr/bin
Configured with: --prefix=/Applications/Xcode.app/Contents/Developer/usr --with-gxx-include-dir=/Applications/Xcode.app/Contents/Developer/Platforms/MacOSX.platform/Developer/SDKs/MacOSX10.11.sdk/usr/include/c++/4.2.1
configure:4018: $? = 0
configure:4007: gcc -v >&5
Configured with: --prefix=/Applications/Xcode.app/Contents/Developer/usr --with-gxx-include-dir=/Applications/Xcode.app/Contents/Developer/Platforms/MacOSX.platform/Developer/SDKs/MacOSX10.11.sdk/usr/include/c++/4.2.1
Apple LLVM version 7.3.0 (clang-703.0.29)
Target: x86_64-apple-darwin15.4.0
Thread model: posix
InstalledDir: /Applications/Xcode.app/Contents/Developer/Toolchains/XcodeDefault.xctoolchain/usr/bin
configure:4018: $? = 0
configure:4007: gcc -V >&5
clang: error: argument to '-V' is missing (expected 1 value)
clang: error: no input files
configure:4018: $? = 1
configure:4007: gcc -qversion >&5
clang: error: unknown argument: '-qversion'
clang: error: no input files
configure:4018: $? = 1
configure:4022: checking whether we are using the GNU C compiler
configure:4041: gcc -c   conftest.c >&5
configure:4041: $? = 0
configure:4050: result: yes
configure:4059: checking whether gcc accepts -g
configure:4079: gcc -c -g  conftest.c >&5
configure:4079: $? = 0
configure:4120: result: yes
configure:4137: checking for gcc option to accept ISO C89
configure:4200: gcc  -c -g -O2  conftest.c >&5
configure:4200: $? = 0
configure:4213: result: none needed
configure:4238: checking whether gcc understands -c and -o together
configure:4260: gcc -c conftest.c -o conftest2.o
configure:4263: $? = 0
configure:4260: gcc -c conftest.c -o conftest2.o
configure:4263: $? = 0
configure:4275: result: yes
configure:4294: checking dependency style of gcc
configure:4405: result: gcc3
configure:4449: checking build system type
configure:4463: result: x86_64-apple-darwin15.4.0
configure:4483: checking host system type
configure:4496: result: x86_64-apple-darwin15.4.0
configure:4537: checking how to print strings
configure:4564: result: printf
configure:4585: checking for a sed that does not truncate output
configure:4649: result: /usr/bin/sed
configure:4667: checking for grep that handles long lines and -e
configure:4725: result: /usr/bin/grep
configure:4730: checking for egrep
configure:4792: result: /usr/bin/grep -E
configure:4797: checking for fgrep
configure:4859: result: /usr/bin/grep -F
configure:4894: checking for ld used by gcc
configure:4961: result: /Applications/Xcode.app/Contents/Developer/Toolchains/XcodeDefault.xctoolchain/usr/bin/ld
configure:4968: checking if the linker (/Applications/Xcode.app/Contents/Developer/Toolchains/XcodeDefault.xctoolchain/usr/bin/ld) is GNU ld
configure:4983: result: no
configure:4995: checking for BSD- or MS-compatible name lister (nm)
configure:5049: result: /usr/bin/nm -B
configure:5179: checking the name lister (/usr/bin/nm -B) interface
configure:5186: gcc -c -g -O2  conftest.c >&5
configure:5189: /usr/bin/nm -B "conftest.o"
configure:5192: output
000000000000020c S _some_variable
configure:5199: result: BSD nm
configure:5202: checking whether ln -s works
configure:5206: result: yes
configure:5214: checking the maximum length of command line arguments
configure:5345: result: 196608
configure:5393: checking how to convert x86_64-apple-darwin15.4.0 file names to x86_64-apple-darwin15.4.0 format
configure:5433: result: func_convert_file_noop
configure:5440: checking how to convert x86_64-apple-darwin15.4.0 file names to toolchain format
configure:5460: result: func_convert_file_noop
configure:5467: checking for /Applications/Xcode.app/Contents/Developer/Toolchains/XcodeDefault.xctoolchain/usr/bin/ld option to reload object files
configure:5474: result: -r
configure:5548: checking for objdump
configure:5578: result: no
configure:5607: checking how to recognize dependent libraries
configure:5807: result: pass_all
configure:5892: checking for dlltool
configure:5922: result: no
configure:5952: checking how to associate runtime and link libraries
configure:5979: result: printf %s\n
configure:6040: checking for ar
configure:6056: found /usr/bin/ar
configure:6067: result: ar
configure:6104: checking for archiver @FILE support
configure:6121: gcc -c -g -O2  conftest.c >&5
configure:6121: $? = 0
configure:6124: ar cru libconftest.a @conftest.lst >&5
ar: @conftest.lst: No such file or directory
configure:6127: $? = 1
configure:6147: result: no
configure:6205: checking for strip
configure:6221: found /usr/bin/strip
configure:6232: result: strip
configure:6304: checking for ranlib
configure:6320: found /usr/bin/ranlib
configure:6331: result: ranlib
configure:6433: checking command to parse /usr/bin/nm -B output from gcc object
configure:6586: gcc -c -g -O2  conftest.c >&5
configure:6589: $? = 0
configure:6593: /usr/bin/nm -B conftest.o \| sed -n -e 's/^.*[ ]\([BCDEGRST][BCDEGRST]*\)[ ][ ]*\([_A-Za-z][_A-Za-z0-9]*\)$/\1 \2 \2/p' | sed '/ __gnu_lto/d' \> conftest.nm
configure:6596: $? = 0
cannot find nm_test_var in conftest.nm
configure:6586: gcc -c -g -O2  conftest.c >&5
configure:6589: $? = 0
configure:6593: /usr/bin/nm -B conftest.o \| sed -n -e 's/^.*[ ]\([BCDEGRST][BCDEGRST]*\)[ ][ ]*_\([_A-Za-z][_A-Za-z0-9]*\)$/\1 _\2 \2/p' | sed '/ __gnu_lto/d' \> conftest.nm
configure:6596: $? = 0
configure:6662: gcc -o conftest -g -O2   conftest.c conftstm.o >&5
warning: (x86_64)  could not find object file symbol for symbol _main
configure:6665: $? = 0
configure:6703: result: ok
configure:6750: checking for sysroot
configure:6780: result: no
configure:6787: checking for a working dd
configure:6825: result: /bin/dd
configure:6829: checking how to truncate binary pipes
configure:6844: result: /bin/dd bs=4096 count=1
configure:7173: checking for mt
configure:7203: result: no
configure:7223: checking if : is a manifest tool
configure:7229: : '-?'
configure:7237: result: no
configure:7293: checking for dsymutil
configure:7309: found /usr/bin/dsymutil
configure:7320: result: dsymutil
configure:7385: checking for nmedit
configure:7401: found /usr/bin/nmedit
configure:7412: result: nmedit
configure:7477: checking for lipo
configure:7493: found /usr/bin/lipo
configure:7504: result: lipo
configure:7569: checking for otool
configure:7585: found /usr/bin/otool
configure:7596: result: otool
configure:7661: checking for otool64
configure:7691: result: no
configure:7736: checking for -single_module linker flag
gcc -g -O2  -o libconftest.dylib -dynamiclib -Wl,-single_module conftest.c
configure:7769: result: yes
configure:7772: checking for -exported_symbols_list linker flag
configure:7792: gcc -o conftest -g -O2   -Wl,-exported_symbols_list,conftest.sym conftest.c  >&5
configure:7792: $? = 0
configure:7802: result: yes
configure:7805: checking for -force_load linker flag
gcc -g -O2 -c -o conftest.o conftest.c
ar cru libconftest.a conftest.o
ranlib libconftest.a
gcc -g -O2  -o conftest conftest.c -Wl,-force_load,./libconftest.a
configure:7837: result: yes
configure:7914: checking how to run the C preprocessor
configure:7945: gcc -E  conftest.c
configure:7945: $? = 0
configure:7959: gcc -E  conftest.c
conftest.c:9:10: fatal error: 'ac_nonexistent.h' file not found
#include <ac_nonexistent.h>
         ^
1 error generated.
configure:7959: $? = 1
configure: failed program was:
| /* confdefs.h */
| #define PACKAGE_NAME "LibRaw"
| #define PACKAGE_TARNAME "libraw"
| #define PACKAGE_VERSION "0.17.1"
| #define PACKAGE_STRING "LibRaw 0.17.1"
| #define PACKAGE_BUGREPORT "info@libraw.org"
| #define PACKAGE_URL "http://www.libraw.org"
| /* end confdefs.h.  */
| #include <ac_nonexistent.h>
configure:7984: result: gcc -E
configure:8004: gcc -E  conftest.c
configure:8004: $? = 0
configure:8018: gcc -E  conftest.c
conftest.c:9:10: fatal error: 'ac_nonexistent.h' file not found
#include <ac_nonexistent.h>
         ^
1 error generated.
configure:8018: $? = 1
configure: failed program was:
| /* confdefs.h */
| #define PACKAGE_NAME "LibRaw"
| #define PACKAGE_TARNAME "libraw"
| #define PACKAGE_VERSION "0.17.1"
| #define PACKAGE_STRING "LibRaw 0.17.1"
| #define PACKAGE_BUGREPORT "info@libraw.org"
| #define PACKAGE_URL "http://www.libraw.org"
| /* end confdefs.h.  */
| #include <ac_nonexistent.h>
configure:8047: checking for ANSI C header files
configure:8067: gcc -c -g -O2  conftest.c >&5
configure:8067: $? = 0
configure:8140: gcc -o conftest -g -O2   conftest.c  >&5
configure:8140: $? = 0
configure:8140: ./conftest
configure:8140: $? = 0
configure:8151: result: yes
configure:8164: checking for sys/types.h
configure:8164: gcc -c -g -O2  conftest.c >&5
configure:8164: $? = 0
configure:8164: result: yes
configure:8164: checking for sys/stat.h
configure:8164: gcc -c -g -O2  conftest.c >&5
configure:8164: $? = 0
configure:8164: result: yes
configure:8164: checking for stdlib.h
configure:8164: gcc -c -g -O2  conftest.c >&5
configure:8164: $? = 0
configure:8164: result: yes
configure:8164: checking for string.h
configure:8164: gcc -c -g -O2  conftest.c >&5
configure:8164: $? = 0
configure:8164: result: yes
configure:8164: checking for memory.h
configure:8164: gcc -c -g -O2  conftest.c >&5
configure:8164: $? = 0
configure:8164: result: yes
configure:8164: checking for strings.h
configure:8164: gcc -c -g -O2  conftest.c >&5
configure:8164: $? = 0
configure:8164: result: yes
configure:8164: checking for inttypes.h
configure:8164: gcc -c -g -O2  conftest.c >&5
configure:8164: $? = 0
configure:8164: result: yes
configure:8164: checking for stdint.h
configure:8164: gcc -c -g -O2  conftest.c >&5
configure:8164: $? = 0
configure:8164: result: yes
configure:8164: checking for unistd.h
configure:8164: gcc -c -g -O2  conftest.c >&5
configure:8164: $? = 0
configure:8164: result: yes
configure:8178: checking for dlfcn.h
configure:8178: gcc -c -g -O2  conftest.c >&5
configure:8178: $? = 0
configure:8178: result: yes
configure:8445: checking for objdir
configure:8460: result: .libs
configure:8724: checking if gcc supports -fno-rtti -fno-exceptions
configure:8742: gcc -c -g -O2  -fno-rtti -fno-exceptions conftest.c >&5
configure:8746: $? = 0
configure:8759: result: yes
configure:9117: checking for gcc option to produce PIC
configure:9124: result: -fno-common -DPIC
configure:9132: checking if gcc PIC flag -fno-common -DPIC works
configure:9150: gcc -c -g -O2  -fno-common -DPIC -DPIC conftest.c >&5
configure:9154: $? = 0
configure:9167: result: yes
configure:9196: checking if gcc static flag -static works
configure:9224: result: no
configure:9239: checking if gcc supports -c -o file.o
configure:9260: gcc -c -g -O2  -o out/conftest2.o conftest.c >&5
configure:9264: $? = 0
configure:9286: result: yes
configure:9294: checking if gcc supports -c -o file.o
configure:9341: result: yes
configure:9374: checking whether the gcc linker (/Applications/Xcode.app/Contents/Developer/Toolchains/XcodeDefault.xctoolchain/usr/bin/ld) supports shared libraries
configure:10633: result: yes
configure:10873: checking dynamic linker characteristics
configure:11691: result: darwin15.4.0 dyld
configure:11813: checking how to hardcode library paths into programs
configure:11838: result: immediate
configure:12386: checking whether stripping libraries is possible
configure:12400: result: yes
configure:12426: checking if libtool supports shared libraries
configure:12428: result: yes
configure:12431: checking whether to build shared libraries
configure:12456: result: yes
configure:12459: checking whether to build static libraries
configure:12463: result: yes
configure:12486: checking how to run the C++ preprocessor
configure:12513: g++ -E  conftest.cpp
configure:12513: $? = 0
configure:12527: g++ -E  conftest.cpp
conftest.cpp:21:10: fatal error: 'ac_nonexistent.h' file not found
#include <ac_nonexistent.h>
         ^
1 error generated.
configure:12527: $? = 1
configure: failed program was:
| /* confdefs.h */
| #define PACKAGE_NAME "LibRaw"
| #define PACKAGE_TARNAME "libraw"
| #define PACKAGE_VERSION "0.17.1"
| #define PACKAGE_STRING "LibRaw 0.17.1"
| #define PACKAGE_BUGREPORT "info@libraw.org"
| #define PACKAGE_URL "http://www.libraw.org"
| #define STDC_HEADERS 1
| #define HAVE_SYS_TYPES_H 1
| #define HAVE_SYS_STAT_H 1
| #define HAVE_STDLIB_H 1
| #define HAVE_STRING_H 1
| #define HAVE_MEMORY_H 1
| #define HAVE_STRINGS_H 1
| #define HAVE_INTTYPES_H 1
| #define HAVE_STDINT_H 1
| #define HAVE_UNISTD_H 1
| #define HAVE_DLFCN_H 1
| #define LT_OBJDIR ".libs/"
| /* end confdefs.h.  */
| #include <ac_nonexistent.h>
configure:12552: result: g++ -E
configure:12572: g++ -E  conftest.cpp
configure:12572: $? = 0
configure:12586: g++ -E  conftest.cpp
conftest.cpp:21:10: fatal error: 'ac_nonexistent.h' file not found
#include <ac_nonexistent.h>
         ^
1 error generated.
configure:12586: $? = 1
configure: failed program was:
| /* confdefs.h */
| #define PACKAGE_NAME "LibRaw"
| #define PACKAGE_TARNAME "libraw"
| #define PACKAGE_VERSION "0.17.1"
| #define PACKAGE_STRING "LibRaw 0.17.1"
| #define PACKAGE_BUGREPORT "info@libraw.org"
| #define PACKAGE_URL "http://www.libraw.org"
| #define STDC_HEADERS 1
| #define HAVE_SYS_TYPES_H 1
| #define HAVE_SYS_STAT_H 1
| #define HAVE_STDLIB_H 1
| #define HAVE_STRING_H 1
| #define HAVE_MEMORY_H 1
| #define HAVE_STRINGS_H 1
| #define HAVE_INTTYPES_H 1
| #define HAVE_STDINT_H 1
| #define HAVE_UNISTD_H 1
| #define HAVE_DLFCN_H 1
| #define LT_OBJDIR ".libs/"
| /* end confdefs.h.  */
| #include <ac_nonexistent.h>
configure:12748: checking for ld used by g++
configure:12815: result: /Applications/Xcode.app/Contents/Developer/Toolchains/XcodeDefault.xctoolchain/usr/bin/ld
configure:12822: checking if the linker (/Applications/Xcode.app/Contents/Developer/Toolchains/XcodeDefault.xctoolchain/usr/bin/ld) is GNU ld
configure:12837: result: no
configure:12892: checking whether the g++ linker (/Applications/Xcode.app/Contents/Developer/Toolchains/XcodeDefault.xctoolchain/usr/bin/ld) supports shared libraries
configure:13965: result: yes
configure:14001: g++ -c -g -O2  conftest.cpp >&5
configure:14004: $? = 0
configure:14485: checking for g++ option to produce PIC
configure:14492: result: -fno-common -DPIC
configure:14500: checking if g++ PIC flag -fno-common -DPIC works
configure:14518: g++ -c -g -O2  -fno-common -DPIC -DPIC conftest.cpp >&5
configure:14522: $? = 0
configure:14535: result: yes
configure:14558: checking if g++ static flag -static works
configure:14586: result: no
configure:14598: checking if g++ supports -c -o file.o
configure:14619: g++ -c -g -O2  -o out/conftest2.o conftest.cpp >&5
configure:14623: $? = 0
configure:14645: result: yes
configure:14650: checking if g++ supports -c -o file.o
configure:14697: result: yes
configure:14727: checking whether the g++ linker (/Applications/Xcode.app/Contents/Developer/Toolchains/XcodeDefault.xctoolchain/usr/bin/ld) supports shared libraries
configure:14767: result: yes
configure:14908: checking dynamic linker characteristics
configure:15653: result: darwin15.4.0 dyld
configure:15718: checking how to hardcode library paths into programs
configure:15743: result: immediate
configure:16184: checking for OpenMP flag of C compiler
configure:16220: gcc -o conftest -g -O2 -fopenmp  -I/usr/local/include  -L/usr/local/lib conftest.c  >&5
clang: error: unsupported option '-fopenmp'
clang: error: unsupported option '-fopenmp'
configure:16220: $? = 1
configure: failed program was:
| /* confdefs.h */
| #define PACKAGE_NAME "LibRaw"
| #define PACKAGE_TARNAME "libraw"
| #define PACKAGE_VERSION "0.17.1"
| #define PACKAGE_STRING "LibRaw 0.17.1"
| #define PACKAGE_BUGREPORT "info@libraw.org"
| #define PACKAGE_URL "http://www.libraw.org"
| #define STDC_HEADERS 1
| #define HAVE_SYS_TYPES_H 1
| #define HAVE_SYS_STAT_H 1
| #define HAVE_STDLIB_H 1
| #define HAVE_STRING_H 1
| #define HAVE_MEMORY_H 1
| #define HAVE_STRINGS_H 1
| #define HAVE_INTTYPES_H 1
| #define HAVE_STDINT_H 1
| #define HAVE_UNISTD_H 1
| #define HAVE_DLFCN_H 1
| #define LT_OBJDIR ".libs/"
| /* end confdefs.h.  */
| 
| /* Override any GCC internal prototype to avoid an error.
|    Use char because int might match the return type of a GCC
|    builtin and then its argument prototype would still apply.  */
| #ifdef __cplusplus
| extern "C"
| #endif
| char omp_set_num_threads ();
| int
| main ()
| {
| return omp_set_num_threads ();
|   ;
|   return 0;
| }
configure:16220: gcc -o conftest -g -O2 -openmp  -I/usr/local/include  -L/usr/local/lib conftest.c  >&5
Undefined symbols for architecture x86_64:
  "_omp_set_num_threads", referenced from:
      _main in conftest-a9ff3b.o
ld: symbol(s) not found for architecture x86_64
clang: error: linker command failed with exit code 1 (use -v to see invocation)
configure:16220: $? = 1
configure: failed program was:
| /* confdefs.h */
| #define PACKAGE_NAME "LibRaw"
| #define PACKAGE_TARNAME "libraw"
| #define PACKAGE_VERSION "0.17.1"
| #define PACKAGE_STRING "LibRaw 0.17.1"
| #define PACKAGE_BUGREPORT "info@libraw.org"
| #define PACKAGE_URL "http://www.libraw.org"
| #define STDC_HEADERS 1
| #define HAVE_SYS_TYPES_H 1
| #define HAVE_SYS_STAT_H 1
| #define HAVE_STDLIB_H 1
| #define HAVE_STRING_H 1
| #define HAVE_MEMORY_H 1
| #define HAVE_STRINGS_H 1
| #define HAVE_INTTYPES_H 1
| #define HAVE_STDINT_H 1
| #define HAVE_UNISTD_H 1
| #define HAVE_DLFCN_H 1
| #define LT_OBJDIR ".libs/"
| /* end confdefs.h.  */
| 
| /* Override any GCC internal prototype to avoid an error.
|    Use char because int might match the return type of a GCC
|    builtin and then its argument prototype would still apply.  */
| #ifdef __cplusplus
| extern "C"
| #endif
| char omp_set_num_threads ();
| int
| main ()
| {
| return omp_set_num_threads ();
|   ;
|   return 0;
| }
configure:16220: gcc -o conftest -g -O2 -mp  -I/usr/local/include  -L/usr/local/lib conftest.c  >&5
clang: error: unknown argument: '-mp'
configure:16220: $? = 1
configure: failed program was:
| /* confdefs.h */
| #define PACKAGE_NAME "LibRaw"
| #define PACKAGE_TARNAME "libraw"
| #define PACKAGE_VERSION "0.17.1"
| #define PACKAGE_STRING "LibRaw 0.17.1"
| #define PACKAGE_BUGREPORT "info@libraw.org"
| #define PACKAGE_URL "http://www.libraw.org"
| #define STDC_HEADERS 1
| #define HAVE_SYS_TYPES_H 1
| #define HAVE_SYS_STAT_H 1
| #define HAVE_STDLIB_H 1
| #define HAVE_STRING_H 1
| #define HAVE_MEMORY_H 1
| #define HAVE_STRINGS_H 1
| #define HAVE_INTTYPES_H 1
| #define HAVE_STDINT_H 1
| #define HAVE_UNISTD_H 1
| #define HAVE_DLFCN_H 1
| #define LT_OBJDIR ".libs/"
| /* end confdefs.h.  */
| 
| /* Override any GCC internal prototype to avoid an error.
|    Use char because int might match the return type of a GCC
|    builtin and then its argument prototype would still apply.  */
| #ifdef __cplusplus
| extern "C"
| #endif
| char omp_set_num_threads ();
| int
| main ()
| {
| return omp_set_num_threads ();
|   ;
|   return 0;
| }
configure:16220: gcc -o conftest -g -O2 -xopenmp  -I/usr/local/include  -L/usr/local/lib conftest.c  >&5
clang: error: language not recognized: 'openmp'
configure:16220: $? = 1
configure: failed program was:
| /* confdefs.h */
| #define PACKAGE_NAME "LibRaw"
| #define PACKAGE_TARNAME "libraw"
| #define PACKAGE_VERSION "0.17.1"
| #define PACKAGE_STRING "LibRaw 0.17.1"
| #define PACKAGE_BUGREPORT "info@libraw.org"
| #define PACKAGE_URL "http://www.libraw.org"
| #define STDC_HEADERS 1
| #define HAVE_SYS_TYPES_H 1
| #define HAVE_SYS_STAT_H 1
| #define HAVE_STDLIB_H 1
| #define HAVE_STRING_H 1
| #define HAVE_MEMORY_H 1
| #define HAVE_STRINGS_H 1
| #define HAVE_INTTYPES_H 1
| #define HAVE_STDINT_H 1
| #define HAVE_UNISTD_H 1
| #define HAVE_DLFCN_H 1
| #define LT_OBJDIR ".libs/"
| /* end confdefs.h.  */
| 
| /* Override any GCC internal prototype to avoid an error.
|    Use char because int might match the return type of a GCC
|    builtin and then its argument prototype would still apply.  */
| #ifdef __cplusplus
| extern "C"
| #endif
| char omp_set_num_threads ();
| int
| main ()
| {
| return omp_set_num_threads ();
|   ;
|   return 0;
| }
configure:16220: gcc -o conftest -g -O2 -omp  -I/usr/local/include  -L/usr/local/lib conftest.c  >&5
Undefined symbols for architecture x86_64:
  "_omp_set_num_threads", referenced from:
      _main in conftest-cb53ad.o
ld: symbol(s) not found for architecture x86_64
clang: error: linker command failed with exit code 1 (use -v to see invocation)
configure:16220: $? = 1
configure: failed program was:
| /* confdefs.h */
| #define PACKAGE_NAME "LibRaw"
| #define PACKAGE_TARNAME "libraw"
| #define PACKAGE_VERSION "0.17.1"
| #define PACKAGE_STRING "LibRaw 0.17.1"
| #define PACKAGE_BUGREPORT "info@libraw.org"
| #define PACKAGE_URL "http://www.libraw.org"
| #define STDC_HEADERS 1
| #define HAVE_SYS_TYPES_H 1
| #define HAVE_SYS_STAT_H 1
| #define HAVE_STDLIB_H 1
| #define HAVE_STRING_H 1
| #define HAVE_MEMORY_H 1
| #define HAVE_STRINGS_H 1
| #define HAVE_INTTYPES_H 1
| #define HAVE_STDINT_H 1
| #define HAVE_UNISTD_H 1
| #define HAVE_DLFCN_H 1
| #define LT_OBJDIR ".libs/"
| /* end confdefs.h.  */
| 
| /* Override any GCC internal prototype to avoid an error.
|    Use char because int might match the return type of a GCC
|    builtin and then its argument prototype would still apply.  */
| #ifdef __cplusplus
| extern "C"
| #endif
| char omp_set_num_threads ();
| int
| main ()
| {
| return omp_set_num_threads ();
|   ;
|   return 0;
| }
configure:16220: gcc -o conftest -g -O2 -qsmp=omp  -I/usr/local/include  -L/usr/local/lib conftest.c  >&5
clang: error: unknown argument: '-qsmp=omp'
configure:16220: $? = 1
configure: failed program was:
| /* confdefs.h */
| #define PACKAGE_NAME "LibRaw"
| #define PACKAGE_TARNAME "libraw"
| #define PACKAGE_VERSION "0.17.1"
| #define PACKAGE_STRING "LibRaw 0.17.1"
| #define PACKAGE_BUGREPORT "info@libraw.org"
| #define PACKAGE_URL "http://www.libraw.org"
| #define STDC_HEADERS 1
| #define HAVE_SYS_TYPES_H 1
| #define HAVE_SYS_STAT_H 1
| #define HAVE_STDLIB_H 1
| #define HAVE_STRING_H 1
| #define HAVE_MEMORY_H 1
| #define HAVE_STRINGS_H 1
| #define HAVE_INTTYPES_H 1
| #define HAVE_STDINT_H 1
| #define HAVE_UNISTD_H 1
| #define HAVE_DLFCN_H 1
| #define LT_OBJDIR ".libs/"
| /* end confdefs.h.  */
| 
| /* Override any GCC internal prototype to avoid an error.
|    Use char because int might match the return type of a GCC
|    builtin and then its argument prototype would still apply.  */
| #ifdef __cplusplus
| extern "C"
| #endif
| char omp_set_num_threads ();
| int
| main ()
| {
| return omp_set_num_threads ();
|   ;
|   return 0;
| }
configure:16220: gcc -o conftest   -I/usr/local/include  -L/usr/local/lib conftest.c  >&5
Undefined symbols for architecture x86_64:
  "_omp_set_num_threads", referenced from:
      _main in conftest-f236de.o
ld: symbol(s) not found for architecture x86_64
clang: error: linker command failed with exit code 1 (use -v to see invocation)
configure:16220: $? = 1
configure: failed program was:
| /* confdefs.h */
| #define PACKAGE_NAME "LibRaw"
| #define PACKAGE_TARNAME "libraw"
| #define PACKAGE_VERSION "0.17.1"
| #define PACKAGE_STRING "LibRaw 0.17.1"
| #define PACKAGE_BUGREPORT "info@libraw.org"
| #define PACKAGE_URL "http://www.libraw.org"
| #define STDC_HEADERS 1
| #define HAVE_SYS_TYPES_H 1
| #define HAVE_SYS_STAT_H 1
| #define HAVE_STDLIB_H 1
| #define HAVE_STRING_H 1
| #define HAVE_MEMORY_H 1
| #define HAVE_STRINGS_H 1
| #define HAVE_INTTYPES_H 1
| #define HAVE_STDINT_H 1
| #define HAVE_UNISTD_H 1
| #define HAVE_DLFCN_H 1
| #define LT_OBJDIR ".libs/"
| /* end confdefs.h.  */
| 
| /* Override any GCC internal prototype to avoid an error.
|    Use char because int might match the return type of a GCC
|    builtin and then its argument prototype would still apply.  */
| #ifdef __cplusplus
| extern "C"
| #endif
| char omp_set_num_threads ();
| int
| main ()
| {
| return omp_set_num_threads ();
|   ;
|   return 0;
| }
configure:16229: result: unknown
configure:16233: WARNING: OpenMP support cannot be enabled because your system doesn't support it.
configure:16264: checking for jpeg_stdio_src in -ljpeg
configure:16289: gcc -o conftest -g -O2  -I/usr/local/include  -L/usr/local/lib conftest.c -ljpeg   >&5
configure:16289: $? = 0
configure:16298: result: yes
configure:16304: checking jpeglib.h usability
configure:16304: gcc -c -g -O2  -I/usr/local/include conftest.c >&5
configure:16304: $? = 0
configure:16304: result: yes
configure:16304: checking jpeglib.h presence
configure:16304: gcc -E  -I/usr/local/include conftest.c
configure:16304: $? = 0
configure:16304: result: yes
configure:16304: checking for jpeglib.h
configure:16304: result: yes
configure:16330: checking for jpeg_mem_src in -ljpeg
configure:16355: gcc -o conftest -g -O2  -I/usr/local/include -DUSE_JPEG  -L/usr/local/lib conftest.c -ljpeg   -ljpeg >&5
configure:16355: $? = 0
configure:16364: result: yes
configure:16370: checking for jpeglib.h
configure:16370: result: yes
configure:16408: checking for jas_init in -ljasper
configure:16433: gcc -o conftest -g -O2  -I/usr/local/include -DUSE_JPEG -DUSE_JPEG8  -L/usr/local/lib conftest.c -ljasper   -ljpeg >&5
configure:16433: $? = 0
configure:16442: result: yes
configure:16448: checking jasper/jasper.h usability
configure:16448: gcc -c -g -O2  -I/usr/local/include -DUSE_JPEG -DUSE_JPEG8 conftest.c >&5
In file included from conftest.c:56:
In file included from /usr/local/include/jasper/jasper.h:65:
/usr/local/include/jasper/jas_config.h:110:9: warning: 'PACKAGE_BUGREPORT' macro redefined [-Wmacro-redefined]
#define PACKAGE_BUGREPORT ""
        ^
conftest.c:6:9: note: previous definition is here
#define PACKAGE_BUGREPORT "info@libraw.org"
        ^
In file included from conftest.c:56:
In file included from /usr/local/include/jasper/jasper.h:65:
/usr/local/include/jasper/jas_config.h:113:9: warning: 'PACKAGE_NAME' macro redefined [-Wmacro-redefined]
#define PACKAGE_NAME "jasper"
        ^
conftest.c:2:9: note: previous definition is here
#define PACKAGE_NAME "LibRaw"
        ^
In file included from conftest.c:56:
In file included from /usr/local/include/jasper/jasper.h:65:
/usr/local/include/jasper/jas_config.h:116:9: warning: 'PACKAGE_STRING' macro redefined [-Wmacro-redefined]
#define PACKAGE_STRING "jasper 1.900.1"
        ^
conftest.c:5:9: note: previous definition is here
#define PACKAGE_STRING "LibRaw 0.17.1"
        ^
In file included from conftest.c:56:
In file included from /usr/local/include/jasper/jasper.h:65:
/usr/local/include/jasper/jas_config.h:119:9: warning: 'PACKAGE_TARNAME' macro redefined [-Wmacro-redefined]
#define PACKAGE_TARNAME "jasper"
        ^
conftest.c:3:9: note: previous definition is here
#define PACKAGE_TARNAME "libraw"
        ^
In file included from conftest.c:56:
In file included from /usr/local/include/jasper/jasper.h:65:
/usr/local/include/jasper/jas_config.h:122:9: warning: 'PACKAGE_VERSION' macro redefined [-Wmacro-redefined]
#define PACKAGE_VERSION "1.900.1"
        ^
conftest.c:4:9: note: previous definition is here
#define PACKAGE_VERSION "0.17.1"
        ^
5 warnings generated.
configure:16448: $? = 0
configure:16448: result: yes
configure:16448: checking jasper/jasper.h presence
configure:16448: gcc -E  -I/usr/local/include -DUSE_JPEG -DUSE_JPEG8 conftest.c
In file included from conftest.c:23:
In file included from /usr/local/include/jasper/jasper.h:65:
/usr/local/include/jasper/jas_config.h:110:9: warning: 'PACKAGE_BUGREPORT' macro redefined [-Wmacro-redefined]
#define PACKAGE_BUGREPORT ""
        ^
conftest.c:6:9: note: previous definition is here
#define PACKAGE_BUGREPORT "info@libraw.org"
        ^
In file included from conftest.c:23:
In file included from /usr/local/include/jasper/jasper.h:65:
/usr/local/include/jasper/jas_config.h:113:9: warning: 'PACKAGE_NAME' macro redefined [-Wmacro-redefined]
#define PACKAGE_NAME "jasper"
        ^
conftest.c:2:9: note: previous definition is here
#define PACKAGE_NAME "LibRaw"
        ^
In file included from conftest.c:23:
In file included from /usr/local/include/jasper/jasper.h:65:
/usr/local/include/jasper/jas_config.h:116:9: warning: 'PACKAGE_STRING' macro redefined [-Wmacro-redefined]
#define PACKAGE_STRING "jasper 1.900.1"
        ^
conftest.c:5:9: note: previous definition is here
#define PACKAGE_STRING "LibRaw 0.17.1"
        ^
In file included from conftest.c:23:
In file included from /usr/local/include/jasper/jasper.h:65:
/usr/local/include/jasper/jas_config.h:119:9: warning: 'PACKAGE_TARNAME' macro redefined [-Wmacro-redefined]
#define PACKAGE_TARNAME "jasper"
        ^
conftest.c:3:9: note: previous definition is here
#define PACKAGE_TARNAME "libraw"
        ^
In file included from conftest.c:23:
In file included from /usr/local/include/jasper/jasper.h:65:
/usr/local/include/jasper/jas_config.h:122:9: warning: 'PACKAGE_VERSION' macro redefined [-Wmacro-redefined]
#define PACKAGE_VERSION "1.900.1"
        ^
conftest.c:4:9: note: previous definition is here
#define PACKAGE_VERSION "0.17.1"
        ^
5 warnings generated.
configure:16448: $? = 0
configure:16448: result: yes
configure:16448: checking for jasper/jasper.h
configure:16448: result: yes
configure:16543: checking for pkg-config
configure:16561: found /usr/local/bin/pkg-config
configure:16573: result: /usr/local/bin/pkg-config
configure:16598: checking pkg-config is at least version 0.9.0
configure:16601: result: yes
configure:16611: checking for LCMS2
configure:16618: $PKG_CONFIG --exists --print-errors "lcms2"
configure:16621: $? = 0
configure:16635: $PKG_CONFIG --exists --print-errors "lcms2"
configure:16638: $? = 0
configure:16842: result: yes
configure:16906: WARNING: Unable to find working LibRaw-demosaic-pack-GPL2 in , disabling the feature. Use --enable-demosaic-pack-gpl2=directory to override
configure:16955: WARNING: Unable to find working LibRaw-demosaic-pack-GPL3 in , disabling the feature. Use --enable-demosaic-pack-gpl3=directory to override
configure:17124: checking that generated files are newer than configure
configure:17130: result: done
configure:17161: creating ./config.status

## ---------------------- ##
## Running config.status. ##
## ---------------------- ##

This file was extended by LibRaw config.status 0.17.1, which was
generated by GNU Autoconf 2.69.  Invocation command line was

  CONFIG_FILES    = 
  CONFIG_HEADERS  = 
  CONFIG_LINKS    = 
  CONFIG_COMMANDS = 
  $ ./config.status 

on Avocado.local

config.status:1085: creating Makefile
config.status:1085: creating libraw.pc
config.status:1085: creating libraw_r.pc
config.status:1257: executing depfiles commands
config.status:1257: executing libtool commands

## ---------------- ##
## Cache variables. ##
## ---------------- ##

ac_cv_build=x86_64-apple-darwin15.4.0
ac_cv_c_compiler_gnu=yes
ac_cv_cxx_compiler_gnu=yes
ac_cv_env_CCC_set=
ac_cv_env_CCC_value=
ac_cv_env_CC_set=
ac_cv_env_CC_value=
ac_cv_env_CFLAGS_set=
ac_cv_env_CFLAGS_value=
ac_cv_env_CPPFLAGS_set=
ac_cv_env_CPPFLAGS_value=
ac_cv_env_CPP_set=
ac_cv_env_CPP_value=
ac_cv_env_CXXCPP_set=
ac_cv_env_CXXCPP_value=
ac_cv_env_CXXFLAGS_set=
ac_cv_env_CXXFLAGS_value=
ac_cv_env_CXX_set=
ac_cv_env_CXX_value=
ac_cv_env_LCMS2_CFLAGS_set=
ac_cv_env_LCMS2_CFLAGS_value=
ac_cv_env_LCMS2_LIBS_set=
ac_cv_env_LCMS2_LIBS_value=
ac_cv_env_LCMS_CFLAGS_set=
ac_cv_env_LCMS_CFLAGS_value=
ac_cv_env_LCMS_LIBS_set=
ac_cv_env_LCMS_LIBS_value=
ac_cv_env_LDFLAGS_set=
ac_cv_env_LDFLAGS_value=
ac_cv_env_LIBS_set=
ac_cv_env_LIBS_value=
ac_cv_env_LT_SYS_LIBRARY_PATH_set=
ac_cv_env_LT_SYS_LIBRARY_PATH_value=
ac_cv_env_PKG_CONFIG_LIBDIR_set=
ac_cv_env_PKG_CONFIG_LIBDIR_value=
ac_cv_env_PKG_CONFIG_PATH_set=
ac_cv_env_PKG_CONFIG_PATH_value=
ac_cv_env_PKG_CONFIG_set=
ac_cv_env_PKG_CONFIG_value=
ac_cv_env_build_alias_set=
ac_cv_env_build_alias_value=
ac_cv_env_host_alias_set=
ac_cv_env_host_alias_value=
ac_cv_env_target_alias_set=
ac_cv_env_target_alias_value=
ac_cv_header_dlfcn_h=yes
ac_cv_header_inttypes_h=yes
ac_cv_header_jasper_jasper_h=yes
ac_cv_header_jpeglib_h=yes
ac_cv_header_memory_h=yes
ac_cv_header_stdc=yes
ac_cv_header_stdint_h=yes
ac_cv_header_stdlib_h=yes
ac_cv_header_string_h=yes
ac_cv_header_strings_h=yes
ac_cv_header_sys_stat_h=yes
ac_cv_header_sys_types_h=yes
ac_cv_header_unistd_h=yes
ac_cv_host=x86_64-apple-darwin15.4.0
ac_cv_lib_jasper_jas_init=yes
ac_cv_lib_jpeg_jpeg_mem_src=yes
ac_cv_lib_jpeg_jpeg_stdio_src=yes
ac_cv_objext=o
ac_cv_path_EGREP='/usr/bin/grep -E'
ac_cv_path_FGREP='/usr/bin/grep -F'
ac_cv_path_GREP=/usr/bin/grep
ac_cv_path_SED=/usr/bin/sed
ac_cv_path_ac_pt_PKG_CONFIG=/usr/local/bin/pkg-config
ac_cv_path_install='/usr/bin/install -c'
ac_cv_path_lt_DD=/bin/dd
ac_cv_prog_AWK=awk
ac_cv_prog_CPP='gcc -E'
ac_cv_prog_CXXCPP='g++ -E'
ac_cv_prog_ac_ct_AR=ar
ac_cv_prog_ac_ct_CC=gcc
ac_cv_prog_ac_ct_CXX=g++
ac_cv_prog_ac_ct_DSYMUTIL=dsymutil
ac_cv_prog_ac_ct_LIPO=lipo
ac_cv_prog_ac_ct_NMEDIT=nmedit
ac_cv_prog_ac_ct_OTOOL=otool
ac_cv_prog_ac_ct_RANLIB=ranlib
ac_cv_prog_ac_ct_STRIP=strip
ac_cv_prog_cc_c89=
ac_cv_prog_cc_g=yes
ac_cv_prog_cxx_g=yes
ac_cv_prog_make_make_set=yes
am_cv_CC_dependencies_compiler_type=gcc3
am_cv_CXX_dependencies_compiler_type=gcc3
am_cv_make_support_nested_variables=yes
am_cv_prog_cc_c_o=yes
ax_cv_c_openmp=unknown
lt_cv_apple_cc_single_mod=yes
lt_cv_ar_at_file=no
lt_cv_deplibs_check_method=pass_all
lt_cv_file_magic_cmd='$MAGIC_CMD'
lt_cv_file_magic_test_file=
lt_cv_ld_exported_symbols_list=yes
lt_cv_ld_force_load=yes
lt_cv_ld_reload_flag=-r
lt_cv_nm_interface='BSD nm'
lt_cv_objdir=.libs
lt_cv_path_LD=/Applications/Xcode.app/Contents/Developer/Toolchains/XcodeDefault.xctoolchain/usr/bin/ld
lt_cv_path_LDCXX=/Applications/Xcode.app/Contents/Developer/Toolchains/XcodeDefault.xctoolchain/usr/bin/ld
lt_cv_path_NM='/usr/bin/nm -B'
lt_cv_path_mainfest_tool=no
lt_cv_prog_compiler_c_o=yes
lt_cv_prog_compiler_c_o_CXX=yes
lt_cv_prog_compiler_pic='-fno-common -DPIC'
lt_cv_prog_compiler_pic_CXX='-fno-common -DPIC'
lt_cv_prog_compiler_pic_works=yes
lt_cv_prog_compiler_pic_works_CXX=yes
lt_cv_prog_compiler_rtti_exceptions=yes
lt_cv_prog_compiler_static_works=no
lt_cv_prog_compiler_static_works_CXX=no
lt_cv_prog_gnu_ld=no
lt_cv_prog_gnu_ldcxx=no
lt_cv_sharedlib_from_linklib_cmd='printf %s\n'
lt_cv_sys_global_symbol_pipe='sed -n -e '\''s/^.*[	 ]\([BCDEGRST][BCDEGRST]*\)[	 ][	 ]*_\([_A-Za-z][_A-Za-z0-9]*\)$/\1 _\2 \2/p'\'' | sed '\''/ __gnu_lto/d'\'''
lt_cv_sys_global_symbol_to_c_name_address='sed -n -e '\''s/^: \(.*\) .*$/  {"\1", (void *) 0},/p'\'' -e '\''s/^[BCDEGRST][BCDEGRST]* .* \(.*\)$/  {"\1", (void *) \&\1},/p'\'''
lt_cv_sys_global_symbol_to_c_name_address_lib_prefix='sed -n -e '\''s/^: \(.*\) .*$/  {"\1", (void *) 0},/p'\'' -e '\''s/^[BCDEGRST][BCDEGRST]* .* \(lib.*\)$/  {"\1", (void *) \&\1},/p'\'' -e '\''s/^[BCDEGRST][BCDEGRST]* .* \(.*\)$/  {"lib\1", (void *) \&\1},/p'\'''
lt_cv_sys_global_symbol_to_cdecl='sed -n -e '\''s/^T .* \(.*\)$/extern int \1();/p'\'' -e '\''s/^[BCDEGRST][BCDEGRST]* .* \(.*\)$/extern char \1;/p'\'''
lt_cv_sys_global_symbol_to_import=
lt_cv_sys_max_cmd_len=196608
lt_cv_to_host_file_cmd=func_convert_file_noop
lt_cv_to_tool_file_cmd=func_convert_file_noop
lt_cv_truncate_bin='/bin/dd bs=4096 count=1'
pkg_cv_LCMS2_CFLAGS=-I/usr/local/Cellar/little-cms2/2.7/include
pkg_cv_LCMS2_LIBS='-L/usr/local/Cellar/little-cms2/2.7/lib -llcms2'

## ----------------- ##
## Output variables. ##
## ----------------- ##

ACLOCAL='${SHELL} /Users/tristan/Photography/Avocado/Dependencies/LibRaw-0.17.1/missing aclocal-1.14'
AMDEPBACKSLASH='\'
AMDEP_FALSE='#'
AMDEP_TRUE=''
AMTAR='$${TAR-tar}'
AM_BACKSLASH='\'
AM_DEFAULT_V='$(AM_DEFAULT_VERBOSITY)'
AM_DEFAULT_VERBOSITY='1'
AM_V='$(V)'
AR='ar'
AS='as'
AUTOCONF='${SHELL} /Users/tristan/Photography/Avocado/Dependencies/LibRaw-0.17.1/missing autoconf'
AUTOHEADER='${SHELL} /Users/tristan/Photography/Avocado/Dependencies/LibRaw-0.17.1/missing autoheader'
AUTOMAKE='${SHELL} /Users/tristan/Photography/Avocado/Dependencies/LibRaw-0.17.1/missing automake-1.14'
AWK='awk'
CC='gcc'
CCDEPMODE='depmode=gcc3'
CFLAGS='-g -O2'
CPP='gcc -E'
CPPFLAGS=' -I/usr/local/include -DUSE_JPEG -DUSE_JPEG8 -DUSE_JASPER -I/usr/local/Cellar/little-cms2/2.7/include -DUSE_LCMS2'
CXX='g++'
CXXCPP='g++ -E'
CXXDEPMODE='depmode=gcc3'
CXXFLAGS='-g -O2'
CYGPATH_W='echo'
DEFS='-DPACKAGE_NAME=\"LibRaw\" -DPACKAGE_TARNAME=\"libraw\" -DPACKAGE_VERSION=\"0.17.1\" -DPACKAGE_STRING=\"LibRaw\ 0.17.1\" -DPACKAGE_BUGREPORT=\"info@libraw.org\" -DPACKAGE_URL=\"http://www.libraw.org\" -DSTDC_HEADERS=1 -DHAVE_SYS_TYPES_H=1 -DHAVE_SYS_STAT_H=1 -DHAVE_STDLIB_H=1 -DHAVE_STRING_H=1 -DHAVE_MEMORY_H=1 -DHAVE_STRINGS_H=1 -DHAVE_INTTYPES_H=1 -DHAVE_STDINT_H=1 -DHAVE_UNISTD_H=1 -DHAVE_DLFCN_H=1 -DLT_OBJDIR=\".libs/\" -DHAVE_JPEGLIB_H=1 -DHAVE_JPEGLIB_H=1 -DHAVE_JASPER_JASPER_H=1'
DEPDIR='.deps'
DLLTOOL='false'
DSYMUTIL='dsymutil'
DUMPBIN=''
ECHO_C='\c'
ECHO_N=''
ECHO_T=''
EGREP='/usr/bin/grep -E'
EXAMPLES_FALSE='#'
EXAMPLES_TRUE=''
EXEEXT=''
FGREP='/usr/bin/grep -F'
GREP='/usr/bin/grep'
INSTALL_DATA='${INSTALL} -m 644'
INSTALL_PROGRAM='${INSTALL}'
INSTALL_SCRIPT='${INSTALL}'
INSTALL_STRIP_PROGRAM='$(install_sh) -c -s'
LCMS2_CFLAGS='-I/usr/local/Cellar/little-cms2/2.7/include'
LCMS2_LIBS='-L/usr/local/Cellar/little-cms2/2.7/lib -llcms2'
LCMS_CFLAGS=''
LCMS_LIBS=''
LD='/Applications/Xcode.app/Contents/Developer/Toolchains/XcodeDefault.xctoolchain/usr/bin/ld'
LDFLAGS=' -L/usr/local/lib'
LIBOBJS=''
LIBRAW_RELEASE_VERSION='0.17.1'
LIBRAW_SHLIB_VERSION='15:0:0'
LIBS=' -ljpeg -ljasper -L/usr/local/Cellar/little-cms2/2.7/lib -llcms2 -lm -lstdc++'
LIBTOOL='$(SHELL) $(top_builddir)/libtool'
LIBTOOL_DEPS='./ltmain.sh'
LIPO='lipo'
LN_S='ln -s'
LTLIBOBJS=''
LT_SYS_LIBRARY_PATH=''
MAKEINFO='${SHELL} /Users/tristan/Photography/Avocado/Dependencies/LibRaw-0.17.1/missing makeinfo'
MANIFEST_TOOL=':'
MKDIR_P='./install-sh -c -d'
NM='/usr/bin/nm -B'
NMEDIT='nmedit'
OBJDUMP='false'
OBJEXT='o'
OTOOL64=':'
OTOOL='otool'
PACKAGE='libraw'
PACKAGE_BUGREPORT='info@libraw.org'
PACKAGE_NAME='LibRaw'
PACKAGE_REQUIRES='lcms2'
PACKAGE_STRING='LibRaw 0.17.1'
PACKAGE_TARNAME='libraw'
PACKAGE_URL='http://www.libraw.org'
PACKAGE_VERSION='0.17.1'
PATH_SEPARATOR=':'
PC_OPENMP=''
PKG_CONFIG='/usr/local/bin/pkg-config'
PKG_CONFIG_LIBDIR=''
PKG_CONFIG_PATH=''
RANLIB='ranlib'
SED='/usr/bin/sed'
SET_MAKE=''
SHELL='/bin/sh'
STRIP='strip'
VERSION='0.17.1'
ac_ct_AR='ar'
ac_ct_CC='gcc'
ac_ct_CXX='g++'
ac_ct_DUMPBIN=''
am__EXEEXT_FALSE=''
am__EXEEXT_TRUE='#'
am__fastdepCC_FALSE='#'
am__fastdepCC_TRUE=''
am__fastdepCXX_FALSE='#'
am__fastdepCXX_TRUE=''
am__include='include'
am__isrc=''
am__leading_dot='.'
am__nodep='_no'
am__quote=''
am__tar='$${TAR-tar} chof - "$$tardir"'
am__untar='$${TAR-tar} xf -'
bindir='${exec_prefix}/bin'
build='x86_64-apple-darwin15.4.0'
build_alias=''
build_cpu='x86_64'
build_os='darwin15.4.0'
build_vendor='apple'
datadir='${datarootdir}'
datarootdir='${prefix}/share'
docdir='${datarootdir}/doc/${PACKAGE_TARNAME}'
dvidir='${docdir}'
exec_prefix='${prefix}'
host='x86_64-apple-darwin15.4.0'
host_alias=''
host_cpu='x86_64'
host_os='darwin15.4.0'
host_vendor='apple'
htmldir='${docdir}'
includedir='${prefix}/include'
infodir='${datarootdir}/info'
install_sh='${SHELL} /Users/tristan/Photography/Avocado/Dependencies/LibRaw-0.17.1/install-sh'
libdir='${exec_prefix}/lib'
libexecdir='${exec_prefix}/libexec'
localedir='${datarootdir}/locale'
localstatedir='${prefix}/var'
mandir='${datarootdir}/man'
mkdir_p='$(MKDIR_P)'
oldincludedir='/usr/include'
pdfdir='${docdir}'
prefix='/usr/local'
program_transform_name='s,x,x,'
psdir='${docdir}'
sbindir='${exec_prefix}/sbin'
sharedstatedir='${prefix}/com'
sysconfdir='${prefix}/etc'
target_alias=''

## ----------- ##
## confdefs.h. ##
## ----------- ##

/* confdefs.h */
#define PACKAGE_NAME "LibRaw"
#define PACKAGE_TARNAME "libraw"
#define PACKAGE_VERSION "0.17.1"
#define PACKAGE_STRING "LibRaw 0.17.1"
#define PACKAGE_BUGREPORT "info@libraw.org"
#define PACKAGE_URL "http://www.libraw.org"
#define STDC_HEADERS 1
#define HAVE_SYS_TYPES_H 1
#define HAVE_SYS_STAT_H 1
#define HAVE_STDLIB_H 1
#define HAVE_STRING_H 1
#define HAVE_MEMORY_H 1
#define HAVE_STRINGS_H 1
#define HAVE_INTTYPES_H 1
#define HAVE_STDINT_H 1
#define HAVE_UNISTD_H 1
#define HAVE_DLFCN_H 1
#define LT_OBJDIR ".libs/"
#define HAVE_JPEGLIB_H 1
#define HAVE_JPEGLIB_H 1
#define HAVE_JASPER_JASPER_H 1

configure: exit 0
